"reynolds-rfile"
"Iteration" "reynolds"
("Iteration" "reynolds")
1 490.9988766586495
2 483.1038393056244
3 477.7312861054516
4 475.0339281634829
5 474.7788142209292
6 476.6044730497546
7 480.0816875147877
8 484.7639084615233
9 490.2183834979717
10 496.0289682902637
11 501.8024356134621
12 507.1894369535877
13 511.9251905651685
14 515.7832533410574
15 518.6124809059269
16 520.3249337665943
17 520.8977176796346
18 520.3718672370993
19 518.840075385285
20 516.4461265692959
21 513.3586897318594
22 509.7745040432426
23 505.9068764081459
24 501.9840207823938
25 498.2131467990499
26 494.7718210180523
27 491.8235228955451
28 489.4823145683587
29 487.8344506916998
30 486.9238453558665
31 486.7551758298338
32 487.2935780835739
33 488.4574119175596
34 490.1526974670049
35 492.2523863431861
36 494.6225096318791
37 497.1284974854648
38 499.6329142160617
39 501.9955286285945
40 504.1136975966006
41 505.8956678950364
42 507.2736776860451
43 508.2038144871007
44 508.6671136391378
45 508.6725783354146
46 508.2425627807198
47 507.4285270325856
48 506.3030628785153
49 504.9131734477097
50 503.3782183463885
51 501.7551368784505
52 500.1419685468566
53 498.614795565298
54 497.246382685934
55 496.094263584651
56 495.1975543949711
57 494.5898383293269
58 494.2828006090774
59 494.2722734411074
60 494.5410355817575
61 495.0554237578787
62 495.7751045044601
63 496.6524899229822
64 497.6326749799451
65 498.6623675603656
66 499.6878897006125
67 500.65976564099
68 501.5366415722215
69 502.2705285423836
70 502.847231661571
71 503.2458166683002
72 503.4570617050091
73 503.4830463295339
74 503.3403308918203
75 503.0288419405294
76 502.5965487295149
77 502.056321340009
78 501.4461221408904
79 500.7992114073878
80 500.1496218400164
81 499.5286281628935
82 498.964324965892
83 498.4800223648599
84 498.0949301870044
85 497.8196679958015
86 497.6607383324708
87 497.6171922578694
88 497.6847926497252
89 497.8507552194473
90 498.1019505616395
91 498.4211505391834
92 498.787517193588
93 499.1792104813433
94 499.5767148469868
95 499.9605423528517
96 500.3134141821547
97 500.6172611492347
98 500.8681978959046
99 501.0481296101395
100 501.162722956122
101 501.2013404349547
102 501.1761317056367
103 501.0835888265885
104 500.9412747775271
105 500.7528334726298
106 500.5322480978163
107 500.2925906338301
108 500.0473020496236
109 499.8062585700298
110 499.5822092089137
111 499.3844346040146
112 499.2206891456478
113 499.0965545856139
114 499.0148446715202
115 498.9774399681143
116 498.9826509851504
117 499.0277667196358
118 499.1083590599213
119 499.2176805173934
120 499.3490932233898
121 499.4947535070496
122 499.6467475075308
123 499.7974802619116
124 499.9399640320121
125 500.0681061794967
126 500.1765883446666
127 500.2612397800942
128 500.3200848130394
129 500.3521793538822
130 500.3570645004332
131 500.3364896619587
132 500.2930760826362
133 500.2304027213841
134 500.1523641460445
135 500.0639865185301
136 499.9697210791641
137 499.8745867460318
138 499.7830623218006
139 499.6989480193391
140 499.6258828132094
141 499.5666443818044
142 499.5229859735648
143 499.4959054159647
144 499.4858216049523
145 499.4919709535817
146 499.5130954751388
147 499.5471176401709
148 499.5917065632325
149 499.6441147262719
150 499.701222142444
151 499.7602532175611
152 499.818318900558
153 499.8727347343581
154 499.9213173367792
155 499.9619785105251
156 499.9934750168393
157 500.0150541903769
158 500.0263144249379
159 500.0274553653765
160 500.0191819669429
161 500.0024090302508
162 499.9786499099201
163 499.9494393482943
164 499.9164418419505
165 499.881540180631
166 499.8465737538662
167 499.813159341424
168 499.7827923907533
169 499.7566733751723
170 499.7357200056971
171 499.7205850564303
172 499.7116241485126
173 499.7088205363253
174 499.7119551343562
175 499.7204327953161
176 499.733524766441
177 499.7503539939634
178 499.7698785249755
179 499.7910079777413
180 499.8127642975156
181 499.8339197413106
182 499.8536804027679
183 499.8711531013425
184 499.8857245546466
185 499.8969208203525
186 499.904443297994
187 499.9082188154565
188 499.908297927076
189 499.9049504816473
190 499.8985853335432
191 499.889707909384
192 499.8789163378229
193 499.8668830710415
194 499.8542445483773
195 499.8417444459493
196 499.8298567735727
197 499.8191944213386
198 499.8101584246444
199 499.8030785735552
200 499.798225251727
201 499.7956844052038
202 499.7954744358778
203 499.7974668788022
204 499.8014294326584
205 499.807082172115
206 499.8140711844861
207 499.8220191292236
208 499.8305085857344
209 499.8391471910796
210 499.8475279685902
211 499.8552999887643
212 499.8621867485251
213 499.8679369591613
214 499.8723601375705
215 499.8753739604018
216 499.8769393318759
217 499.8770457718206
218 499.8758160705068
219 499.8734124795076
220 499.8700401862434
221 499.8661902641987
222 499.8613315015733
223 499.8567472548684
224 499.8517744267586
225 499.8474060154709
226 499.8432643393587
227 499.8399821391507
228 499.8373512881621
229 499.835705622162
230 499.8348610161844
231 499.8350238828954
232 499.8359429583107
233 499.8377526758042
234 499.84008451719
235 499.8431100000272
236 499.8462963132355
237 499.8499472372237
238 499.853354369983
239 499.8570107983769
240 499.8600593851232
241 499.8631742840124
242 499.8654248377824
243 499.8676110516365
244 499.8688125704003
245 499.8698917868988
246 499.8700144064799
247 499.8700321200851
248 499.8692533662905
249 499.868456621653
250 499.8670866056831
251 499.8658005541847
252 499.8642233662371
253 499.8628257264371
254 499.8613888136484
255 499.8602273464576
256 499.8592227710386
257 499.8585580510751
258 499.8581305210805
259 499.8580814379817
260 499.8583916677092
261 499.8589634677493
262 499.859767206977
263 499.8609022104968
264 499.8621944429475
265 499.8634548755753
266 499.8649770951931
267 499.8664964292749
268 499.8677004925938
269 499.8691167449377
270 499.8703872158948
271 499.8711796922714
272 499.8721417630846
273 499.8728659977482
274 499.8730349077472
275 499.8734011832744
276 499.8735527532036
277 499.8735253806519
278 499.8730294429653
279 499.8728290901125
280 499.8725448398136
281 499.872216326294
282 499.8718760442219
283 499.8713291873647
284 499.8711517915503
285 499.8710435359456
286 499.8710299095737
287 499.8711240527981
288 499.8713273085362
289 499.871547520237
290 499.8720847567487
291 499.8726873263147
292 499.8733421752258
293 499.8740310327148
294 499.8747332527173
295 499.8753216118008
296 499.8761119621916
297 499.8768449486316
298 499.8775140304455
299 499.8781155056179
300 499.8785387093544
301 499.87908646988
302 499.8795052228243
303 499.8798206115385
304 499.8800484391909
305 499.8800867581133
306 499.8802456468273
307 499.8803186383783
308 499.8803358867683
309 499.8803216238036
310 499.8801748885415
311 499.8801939030657
312 499.8802101317347
313 499.8802440150632
314 499.8803110949236
315 499.8804203148621
316 499.8805779982019
317 499.8807827343592
318 499.8810348582157
319 499.8813321820093
320 499.8816709758218
321 499.8820431309038
322 499.8824386009445
323 499.8828473916059
324 499.8832601712608
325 499.883667833092
326 499.8840605841075
327 499.8844354243125
328 499.8847854322223
329 499.8851075467785
330 499.8854033291857
331 499.8856691590087
332 499.8859080431782
333 499.8861242853084
334 499.8863237263055
335 499.8865080960966
336 499.8866745979815
337 499.8868254023214
338 499.8869625435922
339 499.8870895431967
340 499.8872135404265
341 499.8873365578906
342 499.8874659778904
343 499.8876047894228
344 499.8877571570919
345 499.8879249188983
346 499.8881096023356
347 499.8883143812764
348 499.888542934213
349 499.8887388413993
350 499.8890337636598
351 499.8893263948681
352 499.8896135437104
353 499.8898906476724
354 499.8901542917434
355 499.8904012624478
356 499.8905507693125
357 499.8907969158081
358 499.8910151957771
359 499.8912185366258
360 499.8914088143809
361 499.8915882443324
362 499.8917052985305
363 499.8919088182523
364 499.8920933142361
365 499.8922144721624
366 499.8923962202227
367 499.8925737045847
368 499.8927430229336
369 499.8928433635699
370 499.8930216617394
371 499.8931902751467
372 499.8932976381757
373 499.8934928404709
374 499.8936679463549
375 499.8937928593742
376 499.893999612955
377 499.8941895334448
378 499.8943421998449
379 499.8945609918007
380 499.8947363134993
381 499.8949542461747
382 499.8951700869358
383 499.8953209594536
384 499.8955298951428
385 499.8956710244537
386 499.895869389191
387 499.8959932264383
388 499.896183345414
389 499.8962991857032
390 499.8964791840631
391 499.8965959858342
392 499.8967689037191
393 499.8968941124824
394 499.8970624189976
395 499.8971875311107
396 499.8973500183371
397 499.8975109076961
398 499.8976058025622
399 499.8977645449976
400 499.897860526512
401 499.8980199182993
402 499.8981114003614
403 499.898273647536
404 499.8984105146144
405 499.8984997735481
406 499.8986602318856
407 499.8987726496508
408 499.8989392154087
409 499.8990701288416
410 499.8992357255322
411 499.8994048707493
412 499.8995214232967
413 499.899685016989
414 499.8998398212045
415 499.8999310830671
416 499.9000839325595
417 499.9002133338844
418 499.9002881802048
419 499.9004336408368
420 499.9005508543717
421 499.9006380573313
422 499.900777953265
423 499.900913336736
424 499.901013469257
425 499.9011451012821
426 499.9012799919171
427 499.9013649031984
428 499.9014931102284
429 499.9016153577454
430 499.9016875422442
431 499.9018133770165
432 499.90192010207
433 499.9019844530131
434 499.9021114702514
435 499.9022140959661
436 499.9022968114902
437 499.9024241255995
438 499.9025276542139
439 499.9026557653166
440 499.9027875945635
441 499.9028821600593
442 499.9030074770274
443 499.9031299300227
444 499.9032017036453
445 499.9033193866681
446 499.9033887784118
447 499.9035039054809
448 499.903569458869
449 499.9036841917334
450 499.903776932474
451 499.903855401543
452 499.9039715409824
453 499.9040642301294
454 499.9041753379037
455 499.904267480216
456 499.9043742907383
457 499.9044838677094
458 499.90454595911
459 499.9046475206522
460 499.9047100548528
461 499.9048106381975
462 499.9048668829367
463 499.9049690694942
464 499.905049238526
465 499.9051107625891
466 499.9052117980528
467 499.9052919668467
468 499.9053967657397
469 499.9054858749032
470 499.9055864593664
471 499.90567192068
472 499.9057733757258
473 499.905874095513
474 499.9059296087052
475 499.9060217170333
476 499.9060707326102
477 499.9061600086938
478 499.90620644181
479 499.9062953610233
480 499.9063518726427
481 499.9064404020693
482 499.9065131972125
483 499.9066060454848
484 499.9066853421206
485 499.9067705176464
486 499.9068444386561
487 499.9069291938988
488 499.9069918117672
489 499.9070776031073
490 499.9071297394443
491 499.9072159230229
492 499.9072590139448
493 499.9073447874918
494 499.9073879468681
495 499.9074653532905
496 499.907517521611
497 499.9075948581846
498 499.9076639035223
499 499.907734864353
500 499.9078136522932
