"t-avg-rfile"
"Time Step" "avg-temperature etc.."
("Time Step" "avg-temperature" "flow-time")
0 293.1500000000018 0
1 293.1544058680582 0.3
2 293.158424726664 0.6
3 293.1621769005625 0.8999999999999999
4 293.1657854147441 1.2
5 293.1693252969375 1.5
6 293.1728278737056 1.8
7 293.1763109454197 2.1
8 293.1797928732661 2.4
9 293.1832961003623 2.7
10 293.1868307043078 3
11 293.19038801932 3.3
12 293.1939592306663 3.6
13 293.1975386989478 3.9
14 293.2011182809553 4.2
15 293.2046884817214 4.5
16 293.2082411287955 4.8
17 293.2117820404205 5.1
18 293.2153050647539 5.399999999999999
19 293.2188208924362 5.699999999999999
20 293.222330556193 6
21 293.2258283744604 6.3
22 293.2293123866555 6.6
23 293.2327840710749 6.9
24 293.2362465507747 7.199999999999999
25 293.2397021112394 7.5
26 293.2431502374424 7.8
27 293.2465889320137 8.1
28 293.2500178380868 8.399999999999999
29 293.2534448836338 8.699999999999999
30 293.2568750055692 9
31 293.2603124249156 9.300000000000001
32 293.2637582148012 9.6
33 293.2672130709338 9.899999999999999
34 293.2706804570162 10.2
35 293.2741671750899 10.5
36 293.2776747269147 10.8
37 293.2812030686592 11.1
38 293.2847518910484 11.4
39 293.2883205835515 11.7
40 293.2919079843123 12
41 293.2955123922993 12.3
42 293.2991303464097 12.6
43 293.3027550921 12.9
44 293.3063788671564 13.2
45 293.3099961413093 13.5
46 293.3136054247306 13.8
47 293.3172077451655 14.1
48 293.3208048214589 14.4
49 293.3243979539912 14.7
50 293.3279862622962 15
51 293.331567666599 15.3
52 293.3351463654843 15.6
53 293.3387251124082 15.9
54 293.3423042483673 16.2
55 293.3458825340525 16.5
56 293.3494577122369 16.8
57 293.3530254934071 17.1
58 293.3565804380665 17.4
59 293.3601182978171 17.7
60 293.3636379872132 18
61 293.3671412872191 18.3
62 293.3706319570009 18.6
63 293.3741102666482 18.9
64 293.3775680865097 19.2
65 293.3809900880877 19.5
66 293.3843593601584 19.8
67 293.3876661341463 20.1
68 293.3909147414549 20.4
69 293.3941149129108 20.7
70 293.3972773718133 21
71 293.4004103680107 21.3
72 293.4035209489628 21.6
73 293.4066145602974 21.9
74 293.4096952906787 22.2
75 293.4127683118454 22.5
76 293.4158387482599 22.8
77 293.4189121388321 23.1
78 293.4219930641752 23.4
79 293.4250846097769 23.7
80 293.4281868513042 24
81 293.4312953620743 24.3
82 293.4344036322321 24.6
83 293.4375065085702 24.9
84 293.4406035477901 25.2
85 293.4436981194161 25.5
86 293.4467943428268 25.8
87 293.4498954275109 26.1
88 293.4530031211783 26.4
89 293.4561168621591 26.7
90 293.4592369646537 27
91 293.4623637762307 27.3
92 293.4654977627613 27.6
93 293.4686381951935 27.9
94 293.4717841801656 28.2
95 293.474935124164 28.5
96 293.4780904351056 28.8
97 293.4812476518527 29.1
98 293.4844035751545 29.4
99 293.487555288949 29.7
100 293.4907001968515 30
101 293.4938367271165 30.3
102 293.4969628270978 30.6
103 293.5000770715803 30.9
104 293.503179643139 31.2
105 293.5062729207227 31.5
106 293.5093593186811 31.8
107 293.512439523602 32.09999999999999
108 293.5155112863703 32.4
109 293.518570955066 32.7
110 293.5216152997234 33
111 293.5246426420716 33.3
112 293.5276530978109 33.59999999999999
113 293.5306486262988 33.9
114 293.5336330480279 34.2
115 293.5366103153061 34.5
116 293.539583466262 34.8
117 293.5425541362341 35.09999999999999
118 293.5455236880664 35.4
119 293.5484936088017 35.7
120 293.5514650587551 36
121 293.5544393948297 36.3
122 293.5574178412438 36.59999999999999
123 293.5604016686793 36.9
124 293.5633898733699 37.2
125 293.5663831210047 37.5
126 293.5693835137014 37.8
127 293.5723928334672 38.09999999999999
128 293.5754114264046 38.4
129 293.5784408406871 38.7
130 293.581485747228 39
131 293.5845516734263 39.3
132 293.5876438693881 39.59999999999999
133 293.5907669131435 39.9
134 293.5939235493711 40.2
135 293.5971133784343 40.5
136 293.6003323744211 40.8
137 293.6035753976969 41.09999999999999
138 293.6068392450701 41.4
139 293.6101230097452 41.7
140 293.6134263855895 42
141 293.6167482454097 42.3
142 293.6200868479231 42.59999999999999
143 293.6234403523861 42.9
144 293.6268071649936 43.2
145 293.6301853603349 43.5
146 293.6335722737026 43.8
147 293.6369644044714 44.09999999999999
148 293.6403579207102 44.4
149 293.6437493065712 44.7
150 293.6471355429059 45
151 293.6505133594448 45.3
152 293.653880337634 45.59999999999999
153 293.6572361178884 45.9
154 293.6605840272059 46.2
155 293.6639252056121 46.5
156 293.6672601646291 46.8
157 293.6705886812601 47.09999999999999
158 293.6739108639994 47.4
159 293.6772250104466 47.7
160 293.6805231442519 48
161 293.6837904895954 48.3
162 293.687014665595 48.59999999999999
163 293.6901938586822 48.9
164 293.6933351489034 49.2
165 293.6964487724603 49.5
166 293.6995432263509 49.8
167 293.7026239975579 50.09999999999999
168 293.7056941973506 50.4
169 293.7087551229075 50.7
170 293.7118065621207 51
171 293.7148477887717 51.3
172 293.71787819603 51.59999999999999
173 293.7208984355631 51.9
174 293.7239105875271 52.2
175 293.7269175457732 52.5
176 293.7299225141827 52.8
177 293.7329289236936 53.09999999999999
178 293.7359402253277 53.4
179 293.7389600220545 53.7
180 293.7419918403197 54
181 293.7450384407566 54.3
182 293.7481010390826 54.59999999999999
183 293.7511797365349 54.9
184 293.754274606614 55.2
185 293.7573866247663 55.5
186 293.7605167655233 55.8
187 293.7636655900445 56.09999999999999
188 293.7668323198927 56.4
189 293.7700153689419 56.7
190 293.7732130861361 57
191 293.7764234793186 57.3
192 293.7796429020419 57.59999999999999
193 293.7828643229956 57.9
194 293.7860795813246 58.2
195 293.7892838518169 58.5
196 293.7924770754121 58.8
197 293.7956624040519 59.09999999999999
198 293.798842983949 59.4
199 293.8020207618538 59.7
200 293.805196700094 60
201 293.8083710268597 60.3
202 293.8115439476258 60.59999999999999
203 293.8147158456514 60.9
204 293.8178870188783 61.2
205 293.8210563669876 61.5
206 293.8242202801681 61.8
207 293.8273715976621 62.09999999999999
208 293.8305019742761 62.4
209 293.8336056306698 62.7
210 293.8366778625843 63
211 293.8397142724385 63.3
212 293.8427103102776 63.59999999999999
213 293.8456630205509 63.9
214 293.8485741667621 64.19999999999999
215 293.8514492990895 64.5
216 293.8542961851117 64.8
217 293.8571247548858 65.09999999999999
218 293.8599455235839 65.40000000000001
219 293.8627654928917 65.69999999999999
220 293.8655870209084 66
221 293.868409405161 66.3
222 293.8712295589081 66.59999999999999
223 293.8740417576332 66.90000000000001
224 293.876837498506 67.19999999999999
225 293.8796078907474 67.5
226 293.8823459399864 67.8
227 293.8850503351898 68.09999999999999
228 293.8877264566498 68.40000000000001
229 293.8903833708598 68.69999999999999
230 293.8930297319753 69
231 293.895673128947 69.3
232 293.8983213218016 69.59999999999999
233 293.9009802118063 69.90000000000001
234 293.9036546866526 70.19999999999999
235 293.9063485367038 70.5
236 293.9090645681327 70.8
237 293.9118047296572 71.09999999999999
238 293.9145701750243 71.40000000000001
239 293.9173613236362 71.69999999999999
240 293.9201772757833 72
241 293.9230152040337 72.3
242 293.9258711804556 72.59999999999999
243 293.9287407575005 72.90000000000001
244 293.9316197426079 73.19999999999999
245 293.9345046766289 73.5
246 293.9373927725348 73.8
247 293.9402824257295 74.09999999999999
248 293.943172577191 74.40000000000001
249 293.9460627710221 74.69999999999999
250 293.948952501811 75
251 293.951840891775 75.29999999999998
252 293.9547268228939 75.59999999999999
253 293.9576078586592 75.90000000000001
254 293.9604823847127 76.19999999999999
255 293.9633500175885 76.5
256 293.9662111529137 76.79999999999998
257 293.9690660310464 77.09999999999999
258 293.9719137292064 77.40000000000001
259 293.9747530094831 77.69999999999999
260 293.9775839464876 78
261 293.9804075346656 78.29999999999998
262 293.9832251730093 78.59999999999999
263 293.9860365541778 78.90000000000001
264 293.9888412945843 79.19999999999999
265 293.991639514033 79.5
266 293.994432490412 79.79999999999998
267 293.9972217882789 80.09999999999999
268 294.0000087430187 80.40000000000001
269 294.0027941736322 80.69999999999999
270 294.0055786336563 81
271 294.0083628022586 81.29999999999998
272 294.0111477652259 81.59999999999999
273 294.0139351586299 81.90000000000001
274 294.0167258649661 82.19999999999999
275 294.0195207817085 82.5
276 294.0223201037958 82.79999999999998
277 294.0251218843007 83.09999999999999
278 294.0279241280321 83.40000000000001
279 294.0307271262241 83.69999999999999
280 294.0335327545151 84
281 294.0363430872937 84.29999999999998
282 294.0391596923265 84.59999999999999
283 294.0419834768768 84.90000000000001
284 294.0448154132548 85.19999999999999
285 294.0476561758152 85.5
286 294.0505053669622 85.79999999999998
287 294.0533616034504 86.09999999999999
288 294.0562227748206 86.40000000000001
289 294.0590863004315 86.69999999999999
290 294.0619499198952 87
291 294.0648120612003 87.29999999999998
292 294.0676717882703 87.59999999999999
293 294.0705290653428 87.90000000000001
294 294.0733849641634 88.19999999999999
295 294.0762413619171 88.5
296 294.0791003157446 88.79999999999998
297 294.0819636162577 89.09999999999999
298 294.0848326733294 89.40000000000001
299 294.0877080436143 89.69999999999999
300 294.0905894393262 90
301 294.0934765165063 90.29999999999998
302 294.0963684957822 90.59999999999999
303 294.0992640334217 90.90000000000001
304 294.1021614373433 91.19999999999999
305 294.1050590565388 91.5
306 294.1079552373437 91.79999999999998
307 294.1108486693865 92.09999999999999
308 294.1137384854531 92.40000000000001
309 294.1166240752544 92.69999999999999
310 294.119503557643 93
311 294.1223737815375 93.29999999999998
312 294.1252334743646 93.59999999999999
313 294.1280847711633 93.90000000000001
314 294.1309321185282 94.19999999999999
315 294.1337756853708 94.5
316 294.1366133116102 94.79999999999998
317 294.1394409655052 95.09999999999999
318 294.1422548949358 95.40000000000001
319 294.1450527861758 95.69999999999999
320 294.1478341504299 96
321 294.1506023386111 96.29999999999998
322 294.1533606993964 96.59999999999999
323 294.1561108349404 96.90000000000001
324 294.1588527869296 97.19999999999999
325 294.1615857491569 97.5
326 294.1643095695877 97.79999999999998
327 294.1670255003215 98.09999999999999
328 294.1697348757199 98.40000000000001
329 294.1724386577593 98.69999999999999
330 294.1751369441732 99
331 294.1778287247101 99.29999999999998
332 294.1805096406881 99.59999999999999
333 294.1831736554906 99.90000000000001
334 294.1858172182004 100.2
335 294.1884402021914 100.5
336 294.1910432260653 100.8
337 294.1936295964809 101.1
338 294.1962041079809 101.4
339 294.1987715367645 101.7
340 294.2013352941358 102
341 294.2038962025879 102.3
342 294.2064530808797 102.6
343 294.2090044205185 102.9
344 294.2115493599787 103.2
345 294.2140883198935 103.5
346 294.2166224989762 103.8
347 294.2191531361765 104.1
348 294.2216807605862 104.4
349 294.2242058099007 104.7
350 294.2267272410671 105
351 294.2292428040868 105.3
352 294.2317510830814 105.6
353 294.2342534548625 105.9
354 294.2367535687776 106.2
355 294.2392554901979 106.5
356 294.2417623043518 106.8
357 294.2442755814866 107.1
358 294.2467956695806 107.4
359 294.2493229004563 107.7
360 294.2518580030504 108
361 294.2544016262979 108.3
362 294.2569530950959 108.6
363 294.259510268245 108.9
364 294.2620696667263 109.2
365 294.2646274423193 109.5
366 294.2671803951616 109.8
367 294.2697256233056 110.1
368 294.2722589633876 110.4
369 294.2747744036004 110.7
370 294.2772669237204 111
371 294.2797350506813 111.3
372 294.2821828606566 111.6
373 294.2846175950681 111.9
374 294.2870474668596 112.2
375 294.2894788567888 112.5
376 294.2919156735528 112.8
377 294.2943598921972 113.1
378 294.2968121864819 113.4
379 294.2992725618662 113.7
380 294.3017403694253 114
381 294.3042136063544 114.3
382 294.3066898649903 114.6
383 294.3091653667929 114.9
384 294.3116339927163 115.2
385 294.3140852001923 115.5
386 294.3165071832876 115.8
387 294.31889484485 116.1
388 294.3212524428789 116.4
389 294.3235883856959 116.7
390 294.32591257798 117
391 294.3282342809602 117.3
392 294.3305611560637 117.6
393 294.3328993555958 117.9
394 294.335253678981 118.2
395 294.33762766139 118.5
396 294.3400228880473 118.8
397 294.3424385196905 119.1
398 294.3448716354228 119.4
399 294.3473183566352 119.7
400 294.3497753564658 120
401 294.3522408624838 120.3
402 294.3547145679671 120.6
403 294.3571969126592 120.9
404 294.3596883585552 121.2
405 294.3621890225004 121.5
406 294.3646985466449 121.8
407 294.3672155805387 122.1
408 294.3697376003523 122.4
409 294.372260826347 122.7
410 294.3747830460305 123
411 294.3773041164537 123.3
412 294.3798270142089 123.6
413 294.3823528151491 123.9
414 294.3848804007355 124.2
415 294.3874050769543 124.5
416 294.3899186259534 124.8
417 294.3924123104077 125.1
418 294.3948814377296 125.4
419 294.3973274602571 125.7
420 294.3997561731232 126
421 294.4021757482897 126.3
422 294.40459323326 126.6
423 294.4070136980871 126.9
424 294.4094405099279 127.2
425 294.4118773579879 127.5
426 294.4143291003001 127.8
427 294.4168004802611 128.1
428 294.4192936491553 128.4
429 294.4218059552491 128.7
430 294.4243297912329 129
431 294.4268564190359 129.3
432 294.4293797918673 129.6
433 294.4318977852476 129.9
434 294.434411432508 130.2
435 294.4369234147738 130.5
436 294.4394369021105 130.8
437 294.4419550127835 131.1
438 294.444480078243 131.4
439 294.4470121486081 131.7
440 294.4495488538122 132
441 294.4520878630065 132.3
442 294.4546289137315 132.6
443 294.4571732296323 132.9
444 294.4597218510311 133.2
445 294.4622744321886 133.5
446 294.4648294154919 133.8
447 294.4673853942689 134.1
448 294.469941879917 134.4
449 294.4724992751215 134.7
450 294.4750578826979 135
451 294.4776169778792 135.3
452 294.4801751935798 135.6
453 294.4827300339468 135.9
454 294.4852788636525 136.2
455 294.4878202829141 136.5
456 294.4903539042072 136.8
457 294.4928803933882 137.1
458 294.4954016535269 137.4
459 294.4979201966951 137.7
460 294.5004391835077 138
461 294.5029611605129 138.3
462 294.5054889801922 138.6
463 294.5080253432745 138.9
464 294.5105729873477 139.2
465 294.5131328243283 139.5
466 294.5157051503872 139.8
467 294.5182903054726 140.1
468 294.5208881486191 140.4
469 294.5234976438157 140.7
470 294.5261171852854 141
471 294.5287449384006 141.3
472 294.5313790963713 141.6
473 294.5340176124207 141.9
474 294.5366581688053 142.2
475 294.5392985165131 142.5
476 294.5419365228735 142.8
477 294.5445703005404 143.1
478 294.5471982151789 143.4
479 294.5498190133691 143.7
480 294.5524320710514 144
481 294.5550369886397 144.3
482 294.5576333556997 144.6
483 294.5602209769338 144.9
484 294.5628000346056 145.2
485 294.565370893666 145.5
486 294.5679338982649 145.8
487 294.5704892756249 146.1
488 294.5730370864019 146.4
489 294.5755773764993 146.7
490 294.5781102648089 147
491 294.5806360493788 147.3
492 294.5831551158771 147.6
493 294.5856678349381 147.9
494 294.5881745637823 148.2
495 294.5906756457804 148.5
496 294.5931715223107 148.8
497 294.5956628812758 149.1
498 294.598150478438 149.4
499 294.6006349391686 149.7
500 294.6031167627496 150
501 294.6055965511196 150.3
502 294.608075081014 150.6
503 294.6105521856196 150.9
504 294.6130280040882 151.2
505 294.6155028403176 151.5
506 294.6179775142226 151.8
507 294.6204531620491 152.1
508 294.6229308377383 152.4
509 294.6254112414412 152.7
510 294.6278950491694 153
511 294.6367885143337 153.3
512 294.6457790690569 153.6
513 294.6547199030693 153.9
514 294.6635696912659 154.2
515 294.6723230302036 154.5
516 294.6809848426336 154.8
517 294.6895625414863 155.1
518 294.6980635508341 155.4
519 294.7064945521487 155.7
520 294.7148613151957 156
521 294.7231687246008 156.3
522 294.7314208749251 156.6
523 294.7396211776023 156.9
524 294.747772466144 157.2
525 294.7558770905178 157.5
526 294.7639369994577 157.8
527 294.7719538108451 158.1
528 294.7799288706894 158.4
529 294.7878633020285 158.7
530 294.7957580454751 159
531 294.8036138923962 159.3
532 294.8114315126834 159.6
533 294.8192114773945 159.9
534 294.826954277578 160.2
535 294.8346603394149 160.5
536 294.842330036413 160.8
537 294.8499636993322 161.1
538 294.8575616241074 161.4
539 294.8651240782622 161.7
