"t-avg-rfile"
"Time Step" "avg-temperature etc.."
("Time Step" "avg-temperature" "flow-time")
0 288.999999999998 0
1 289.0057564683237 0.1
2 289.0110360777742 0.2
3 289.0159195002146 0.3
4 289.0204701049079 0.4
5 289.0247380039495 0.5
6 289.0287631199776 0.6000000000000001
7 289.032577515858 0.7000000000000001
8 289.0362071668667 0.8
9 289.0396733113895 0.9
10 289.0429934826582 1
11 289.0461822988534 1.1
12 289.0492520699065 1.2
13 289.0522132650783 1.3
14 289.0550748745932 1.4
15 289.0578446905204 1.5
16 289.0605295259599 1.6
17 289.0631353869821 1.7
18 289.0656676082987 1.8
19 289.0681309609773 1.9
20 289.0705297385619 2
21 289.0728678264272 2.1
22 289.0751487580678 2.2
23 289.077375761152 2.3
24 289.0795517955171 2.4
25 289.0816795847848 2.5
26 289.083761642888 2.600000000000001
27 289.0858002965207 2.7
28 289.0877977042824 2.8
29 289.0897558731506 2.9
30 289.0916766727351 3
31 289.0935618477309 3.100000000000001
32 289.0954130288351 3.2
33 289.0972317424067 3.3
34 289.099019419038 3.4
35 289.1007774012094 3.5
36 289.1025069501542 3.600000000000001
37 289.1042092520416 3.7
38 289.1058854235698 3.800000000000001
39 289.1075365170269 3.9
40 289.1091635249069 4
41 289.1107673841148 4.100000000000001
42 289.1123489798079 4.2
43 289.113909148923 4.300000000000001
44 289.115448683408 4.4
45 289.1169683332015 4.5
46 289.1184688089664 4.600000000000001
47 289.1199507846285 4.700000000000001
48 289.1214148997086 4.800000000000001
49 289.1228617614851 4.9
50 289.1242919469951 5
51 289.1257060048962 5.100000000000001
52 289.1271044571849 5.200000000000001
53 289.1284878008051 5.300000000000001
54 289.1298565091288 5.4
55 289.131211033351 5.5
56 289.1325518037749 5.600000000000001
57 289.1338792310228 5.700000000000001
58 289.1351937071511 5.800000000000001
59 289.1364956067072 5.9
60 289.1377852877025 6
61 289.1390630925362 6.100000000000001
62 289.1403293488471 6.200000000000001
63 289.1415843703144 6.300000000000001
64 289.1428284574182 6.4
65 289.1440618981308 6.500000000000001
66 289.1452849685897 6.600000000000001
67 289.1464979337096 6.7
68 289.1477010477684 6.800000000000001
69 289.1488945549492 6.9
70 289.1500786898586 7.000000000000001
71 289.1512536780081 7.100000000000001
72 289.1524197362657 7.200000000000001
73 289.1535770732877 7.300000000000001
74 289.1547258899202 7.4
75 289.1558663795744 7.500000000000001
76 289.1569987285912 7.600000000000001
77 289.1581231165717 7.700000000000001
78 289.1592397166991 7.800000000000001
79 289.1603486960385 7.9
80 289.1614502158212 8
81 289.1625444317084 8.100000000000001
82 289.1636314940509 8.200000000000001
83 289.1647115481215 8.300000000000001
84 289.1657847343478 8.4
85 289.1668511885215 8.5
86 289.1679110420055 8.600000000000001
87 289.1689644219235 8.700000000000001
88 289.1700114513426 8.800000000000001
89 289.1710522494449 8.9
90 289.1720869316955 9
91 289.1731156099923 9.100000000000001
92 289.1741383928182 9.200000000000001
93 289.1751553853763 9.300000000000001
94 289.1761666897308 9.4
95 289.177172404921 9.5
96 289.178172627096 9.600000000000001
97 289.179167449617 9.700000000000001
98 289.1801569631756 9.800000000000001
99 289.1811412558871 9.9
100 289.1821204133994 10
101 289.1830945189825 10.1
102 289.1840636536144 10.2
103 289.1850278960697 10.3
104 289.1859873230069 10.4
105 289.1869420090352 10.5
106 289.1878920267951 10.6
107 289.1888374470267 10.7
108 289.189778338642 10.8
109 289.1907147687827 10.9
110 289.1916468028867 11
111 289.1925745047437 11.1
112 289.1934979365562 11.2
113 289.1944171589896 11.3
114 289.1953322312257 11.4
115 289.1962432110096 11.5
116 289.1971501547033 11.6
117 289.1980531173238 11.7
118 289.1989521525915 11.8
119 289.1998473129711 11.9
120 289.2007386497117 12
121 289.201626212881 12.1
122 289.2025100514111 12.2
123 289.2033902131259 12.3
124 289.2042667447776 12.4
125 289.2051396920835 12.5
126 289.2060090997503 12.6
127 289.2068750115096 12.7
128 289.2077374701449 12.8
129 289.2085965175199 12.9
130 289.2094521946063 13
131 289.2103045415116 13.1
132 289.211153597495 13.2
133 289.2119994010045 13.3
134 289.2128419896901 13.4
135 289.2136814004297 13.5
136 289.2145176693537 13.6
137 289.2153508318584 13.7
138 289.2161809226349 13.8
139 289.2170079756788 13.9
140 289.2178320243187 14
141 289.2186531012258 14.1
142 289.2194712384382 14.2
143 289.2202864673733 14.3
144 289.2210988188431 14.4
145 289.2219083230755 14.5
146 289.2227150097243 14.6
147 289.2235189078864 14.7
148 289.224320046116 14.8
149 289.2251184524348 14.9
150 289.2259141543514 15
151 289.226707178871 15.1
152 289.2274975525052 15.2
153 289.2282853012881 15.3
154 289.2290704507884 15.4
155 289.2298530261162 15.5
156 289.2306330519387 15.6
157 289.2314105524891 15.7
158 289.2321855515764 15.8
159 289.2329580725951 15.9
160 289.2337281385373 16
161 289.2344957719988 16.1
162 289.2352609951911 16.2
163 289.2360238299502 16.3
164 289.2367842977421 16.4
165 289.2375424196756 16.5
166 289.2382982165058 16.6
167 289.2390517086457 16.7
168 289.2398029161737 16.8
169 289.240551858839 16.9
170 289.2412985560682 17
171 289.2420430269779 17.1
172 289.2427852903737 17.2
173 289.2435253647642 17.3
174 289.2442632683615 17.4
175 289.2449990190921 17.5
176 289.2457326346007 17.6
177 289.2464641322563 17.7
178 289.2471935291594 17.8
179 289.2479208421456 17.9
180 289.2486460877931 18
181 289.2493692824265 18.1
182 289.2500904421241 18.2
183 289.2508095827189 18.3
184 289.2515267198115 18.4
185 289.2522418687638 18.5
186 289.2529550447137 18.6
187 289.2536662625757 18.7
188 289.2543755370435 18.8
189 289.2550828825994 18.9
190 289.2557883135111 19
191 289.2564918438467 19.1
192 289.257193487465 19.2
193 289.2578932580329 19.3
194 289.2585911690211 19.4
195 289.259287233711 19.5
196 289.2599814651947 19.6
197 289.2606738763859 19.7
198 289.2613644800143 19.8
199 289.2620532886368 19.9
200 289.262740314637 20
201 289.2634255702285 20.1
202 289.264109067459 20.2
203 289.2647908182149 20.3
204 289.2654708342205 20.4
205 289.2661491270441 20.5
206 289.2668257081015 20.6
207 289.2675005886536 20.7
208 289.2681737798156 20.8
209 289.2688452925582 20.9
210 289.269515137708 21
211 289.2701833259495 21.1
212 289.2708498678317 21.2
213 289.2715147737673 21.3
214 289.272178054038 21.4
215 289.272839718792 21.5
216 289.273499778051 21.6
217 289.2741582417109 21.7
218 289.2748151195453 21.8
219 289.2754704212031 21.9
220 289.2761241562175 22
221 289.2767763340017 22.1
222 289.2774269638555 22.2
223 289.2780760549656 22.3
224 289.2787236164064 22.4
225 289.2793696571434 22.5
226 289.2800141860347 22.6
227 289.2806572118351 22.7
228 289.2812987431936 22.8
229 289.2819387886553 22.9
230 289.2825773566694 23
231 289.283214455584 23.1
232 289.2838500936506 23.2
233 289.2844842790267 23.3
234 289.285117019774 23.4
235 289.2857483238651 23.5
236 289.2863781991795 23.6
237 289.2870066535084 23.7
238 289.2876336945563 23.8
239 289.2882593299406 23.9
240 289.2888835671946 24
241 289.2895064137677 24.1
242 289.2901278770289 24.2
243 289.2907479642633 24.3
244 289.2913666826796 24.4
245 289.2919840394083 24.5
246 289.2926000415036 24.6
247 289.2932146959402 24.7
248 289.293828009622 24.8
249 289.2944399893805 24.9
250 289.2950506419727 25
251 289.295659974085 25.1
252 289.2962679923357 25.2
253 289.2968747032722 25.3
254 289.2974801133761 25.4
255 289.2980842290634 25.5
256 289.2986870566806 25.6
257 289.2992886025141 25.7
258 289.299888872784 25.8
259 289.3004878736481 25.9
260 289.3010856112045 26
261 289.3016820914896 26.1
262 289.3022773204785 26.2
263 289.3028713040895 26.3
264 289.3034640481831 26.4
265 289.3040555585621 26.5
266 289.3046458409721 26.6
267 289.3052349011048 26.7
268 289.3058227445965 26.8
269 289.3064093770308 26.9
270 289.3069948039366 27
271 289.3075790307936 27.1
272 289.308162063028 27.2
273 289.3087439060144 27.3
274 289.309324565079 27.4
275 289.3099040455 27.5
276 289.3104823525055 27.6
277 289.3110594912742 27.7
278 289.3116354669419 27.8
279 289.3122102845942 27.9
280 289.3127839492749 28
281 289.313356465978 28.1
282 289.3139278396566 28.2
283 289.3144980752182 28.3
284 289.3150671775286 28.4
285 289.3156351514104 28.5
286 289.3162020016433 28.6
287 289.316767732967 28.7
288 289.3173323500783 28.8
289 289.317895857637 28.9
290 289.3184582602595 29
291 289.3190195625264 29.1
292 289.3195797689771 29.2
293 289.3201388841154 29.3
294 289.3206969124042 29.4
295 289.3212538582718 29.5
296 289.3218097261114 29.6
297 289.3223645202751 29.7
298 289.3229182450852 29.8
299 289.3234709048228 29.9
300 289.3240225037407 30
301 289.3245730460534 30.1
302 289.3251225359427 30.2
303 289.3256709775561 30.3
304 289.3262183750117 30.4
305 289.3267647323899 30.5
306 289.327310053745 30.6
307 289.3278543430947 30.7
308 289.3283976044274 30.8
