"gas-holdup-rfile"
"Time Step" "gas-holdup etc.."
("Time Step" "gas-holdup" "flow-time")
0 0 0
1 0.0001990742406455971 0.02
2 0.0004065615382849657 0.04
3 0.0005436422353017626 0.06
4 0.0007226170607856087 0.08
5 0.0009155352584239906 0.1
6 0.001113134901903299 0.12
7 0.00131231150315739 0.14
8 0.001512018639886442 0.16
9 0.001711903592171895 0.18
10 0.001911850233734384 0.2
11 0.002111825098169466 0.22
12 0.002311813816426712 0.24
13 0.002511807342454824 0.26
14 0.002711835434885284 0.28
15 0.002911912109368843 0.3
16 0.003111978453069575 0.32
17 0.003312082082416402 0.34
18 0.003512212709412255 0.36
19 0.00371235264109984 0.38
20 0.003912536754565332 0.4
21 0.004112715255335942 0.42
22 0.004312943152685526 0.44
23 0.004513162138629522 0.46
24 0.004713434889284523 0.48
25 0.004913769604598312 0.5
26 0.005114149135711182 0.52
27 0.005314587051908868 0.54
28 0.005515114430259744 0.5600000000000001
29 0.005715623097117856 0.58
30 0.005916130665559102 0.6
31 0.006116663873761041 0.62
32 0.006317098141587272 0.64
33 0.006517486498416035 0.66
34 0.006717846593951858 0.68
35 0.006918089987957613 0.7000000000000001
36 0.007118293510223033 0.72
37 0.007318499397901294 0.74
38 0.007518665119569954 0.76
39 0.007718876647681505 0.78
40 0.007919018289212564 0.8
41 0.008119122701230639 0.8200000000000001
42 0.008319265790512939 0.84
43 0.008519386471260984 0.86
44 0.0087195330364584 0.88
45 0.00891966299051478 0.9
46 0.009119796822471061 0.92
47 0.009319899242078695 0.9400000000000001
48 0.009519990516013283 0.96
49 0.009720093001061131 0.98
50 0.009920199716780565 1
51 0.01012028975898587 1.02
52 0.01032036200049254 1.04
53 0.01052043084553993 1.06
54 0.01072051092872434 1.08
55 0.01092061539575303 1.1
56 0.01112070393843393 1.12
57 0.01132077837817454 1.14
58 0.0115208452592303 1.16
59 0.01172091486900062 1.18
60 0.01192098280044889 1.2
61 0.01212107480981834 1.22
62 0.01232115835245318 1.24
63 0.01252123063109737 1.26
64 0.01272129017561085 1.28
65 0.01292135018550264 1.3
66 0.01312140824149401 1.32
67 0.01332148594772993 1.34
68 0.01352155774836151 1.36
69 0.01372161930551848 1.38
70 0.01392167280621244 1.4
71 0.01412172899802375 1.42
72 0.01432179150571781 1.44
73 0.0145218729860807 1.46
74 0.01472194719622365 1.48
75 0.01492201006184747 1.5
76 0.01512205803481444 1.52
77 0.01532210112519851 1.54
78 0.01552214997034908 1.56
79 0.01572221133253671 1.58
80 0.01592227505418103 1.6
81 0.01612233322459937 1.62
82 0.01632238455932352 1.64
83 0.01652242727501049 1.66
84 0.0167224696960045 1.68
85 0.01692251288393674 1.7
86 0.01712257759161502 1.72
87 0.01732263443489574 1.74
88 0.0175226811356362 1.76
89 0.01772272219648232 1.78
90 0.01792276078163004 1.8
91 0.01812279924248545 1.82
92 0.01832284583349626 1.84
93 0.01852290925103658 1.86
94 0.01872296645121155 1.88
95 0.01892301907511618 1.9
96 0.01912306595596906 1.92
97 0.01932311206023711 1.94
98 0.01952316074969341 1.96
99 0.0197232311741891 1.98
100 0.01992329692980172 2
101 0.02012335576930046 2.02
102 0.02032341023375068 2.04
103 0.02052345837596438 2.06
104 0.02072349968739901 2.08
105 0.02092355550350578 2.1
106 0.02112362693414107 2.12
107 0.02132369075620576 2.14
108 0.02152375085473515 2.16
109 0.02172380291599835 2.18
110 0.02192385669510556 2.2
111 0.02212391205605751 2.22
112 0.02232398700251299 2.24
113 0.0225240561702248 2.26
114 0.02272411823370642 2.28
115 0.02292417449735536 2.3
116 0.02312422956272816 2.32
117 0.02332428506156025 2.34
118 0.02352436240060787 2.36
119 0.02372443912587038 2.38
120 0.02392450710905994 2.4
121 0.02412456770131691 2.42
122 0.02432462552825498 2.44
123 0.02452468109279602 2.46
124 0.02472475292923918 2.48
125 0.02492482375122882 2.5
126 0.02512488835142222 2.52
127 0.02532494635613829 2.54
128 0.02552500078173906 2.56
129 0.02572505655857983 2.58
130 0.02592513379102975 2.6
131 0.02612521257863341 2.62
132 0.02632528434539284 2.64
133 0.02652534858844202 2.66
134 0.0267254043816511 2.68
135 0.02692546241979372 2.7
136 0.02712554057293041 2.72
137 0.02732561881861846 2.74
138 0.02752568962397418 2.76
139 0.02772575619729923 2.78
140 0.02792581667871892 2.8
141 0.02812588084112996 2.82
142 0.0283259666281844 2.84
143 0.02852605097348003 2.86
144 0.02872612607128895 2.88
145 0.02892619329809931 2.9
146 0.02912625469121043 2.92
147 0.02932631746777307 2.94
148 0.02952640533963635 2.96
149 0.02972648973467893 2.98
150 0.02992656715864345 3
151 0.030126637973169 3.02
152 0.03032670318095948 3.04
153 0.03052678495920926 3.06
154 0.0307268744256014 3.08
155 0.03092695790805282 3.1
156 0.03112703152722322 3.12
157 0.03132709807342993 3.14
158 0.03152716763943506 3.16
159 0.03172725664765631 3.18
160 0.03192734700152304 3.2
161 0.0321274291868036 3.22
162 0.03232750436866631 3.24
163 0.03252757427397 3.26
164 0.03272765930623474 3.28
165 0.03292774704580611 3.3
166 0.03312783823127852 3.32
167 0.03332791695104347 3.34
168 0.03352798607078546 3.36
169 0.03372805879668774 3.38
170 0.03392815066376484 3.4
171 0.03412823925802749 3.42
172 0.03432832545577201 3.44
173 0.03452840296285513 3.46
174 0.03472847367102266 3.48
175 0.03492857381520762 3.5
176 0.03512866676893821 3.52
177 0.03532875348158498 3.54
178 0.03552883579645789 3.56
179 0.03572891086660122 3.58
180 0.03592899815536966 3.6
181 0.03612909175176673 3.62
182 0.03632918317687294 3.64
183 0.03652926682416439 3.66
184 0.0367293451580759 3.68
185 0.03692942778572685 3.7
186 0.03712952739407657 3.72
187 0.03732961743563853 3.74
188 0.03752969870582514 3.76
189 0.03772977605525439 3.78
190 0.0379298596042098 3.8
191 0.03812996200824472 3.82
192 0.03833005620125578 3.84
193 0.03853014263737474 3.86
194 0.03873022220975619 3.88
195 0.03893029887632318 3.9
196 0.03913039764182143 3.92
197 0.03933049159662053 3.94
198 0.03953057990973255 3.96
199 0.03973066319021266 3.98
200 0.03993073882746625 4
201 0.04013083859721864 4.02
202 0.04033093617266051 4.04
203 0.04053102578355274 4.06
204 0.04073110975363816 4.08
205 0.04093118825409771 4.1
206 0.04113129095070078 4.12
207 0.04133138716415716 4.14
208 0.04153147729644897 4.16
209 0.04173156010143605 4.18
210 0.04193163769066816 4.2
211 0.04213173323212915 4.22
212 0.04233182538007527 4.24
213 0.04253191162696743 4.26
214 0.04273199256667361 4.28
215 0.04293206674338551 4.3
216 0.04313215424432085 4.32
217 0.0433322448352998 4.34
218 0.04353232697824285 4.36
219 0.04373240415833467 4.38
220 0.04393247579461173 4.4
221 0.04413255597573715 4.42
222 0.04433265104562929 4.44
223 0.0445327413449884 4.46
224 0.04473282474596806 4.48
225 0.04493289589601267 4.5
226 0.04513297097126542 4.52
227 0.04533306160978597 4.54
228 0.04553314456976274 4.56
229 0.04573322619397746 4.58
230 0.04593330357563649 4.600000000000001
231 0.04613338741395849 4.62
232 0.04633348698004126 4.64
233 0.04653358153358977 4.66
234 0.04673366984833165 4.68
235 0.04693375210222078 4.7
236 0.04713383799647105 4.72
237 0.04733393927028502 4.74
238 0.04753380012766894 4.76
239 0.04772730804675156 4.78
240 0.04789207863614082 4.8
241 0.04799796090287127 4.82
242 0.04802412240780615 4.84
243 0.04796584009718163 4.86
244 0.04783111193191153 4.88
245 0.0476349775720261 4.9
246 0.04739461653684206 4.92
247 0.04712588075417461 4.94
248 0.04684390447400846 4.96
249 0.04656311211607034 4.98
250 0.04630421141450332 5
251 0.04609094983566437 5.02
252 0.04593823767204622 5.04
253 0.04584470937576438 5.06
254 0.04579581391283432 5.08
255 0.04577323037916648 5.100000000000001
256 0.04575977309946425 5.12
257 0.04574325559864516 5.14
258 0.04571736754631352 5.16
259 0.04568077052687889 5.18
260 0.04563516380046368 5.2
261 0.04558251426907166 5.22
262 0.04552419146567972 5.24
263 0.04546055345401097 5.26
264 0.04539163851017251 5.28
265 0.04531737418346277 5.3
266 0.04523778400150156 5.32
267 0.04515282335867127 5.34
268 0.04506240315907312 5.36
269 0.04496649798833816 5.38
270 0.04486518257731421 5.4
271 0.044758642116965 5.42
272 0.0446468958473477 5.44
273 0.0445299497040634 5.46
274 0.04440786222047409 5.48
275 0.04428088463194092 5.5
276 0.04414966937383572 5.52
277 0.04401557195392592 5.54
278 0.04388086792699892 5.56
279 0.04375029788561558 5.58
280 0.04363247667397324 5.600000000000001
281 0.04353845704863594 5.62
282 0.04347599279599937 5.64
283 0.0434458132139512 5.66
284 0.04344238086393898 5.68
285 0.04345727338909261 5.7
286 0.04348140850464564 5.72
287 0.04350758289747454 5.74
288 0.04353171086495477 5.76
289 0.04355221985027313 5.78
290 0.04356914283601866 5.8
291 0.04358325076492051 5.82
292 0.0435955098642103 5.84
293 0.04360676147931087 5.86
294 0.04361757295206373 5.88
295 0.04362824241073183 5.9
296 0.04363887101023169 5.92
297 0.04364942103532033 5.94
298 0.04365977449912496 5.96
299 0.04366975081106023 5.98
300 0.04367915440946767 6
301 0.04368780027152858 6.02
302 0.04369553287169795 6.04
303 0.04370224055998875 6.06
304 0.04370785387110786 6.08
305 0.04371234849213594 6.100000000000001
306 0.04371571811752668 6.12
307 0.04371796136877933 6.140000000000001
308 0.04371908858858524 6.16
309 0.04371911849715254 6.18
310 0.04371808101119144 6.2
311 0.04371601255792239 6.22
312 0.04371295266472215 6.24
313 0.0437089600946548 6.26
314 0.04370408551142718 6.28
315 0.04369838699161849 6.3
316 0.043691922391805 6.32
317 0.04368475491257697 6.34
318 0.04367694566911268 6.36
319 0.04366855491680127 6.38
320 0.04365962927966777 6.4
321 0.04365022835905789 6.42
322 0.043640412354241 6.44
323 0.04363023382426914 6.46
324 0.04361973627529242 6.48
325 0.04360895452276633 6.5
326 0.04359792308465098 6.52
327 0.04358667789893875 6.54
328 0.04357525135622995 6.56
329 0.04356367646368522 6.58
330 0.04355198529332386 6.600000000000001
331 0.04354021409038637 6.62
332 0.04352838754003472 6.640000000000001
333 0.04351652582837649 6.66
334 0.04350465847637575 6.68
335 0.04349281645254294 6.7
336 0.04348101766931237 6.72
337 0.04346928105655869 6.74
338 0.04345762215293929 6.76
339 0.0434460486602731 6.78
340 0.04343456687070792 6.8
341 0.04342318227868365 6.82
342 0.04341190002524318 6.84
343 0.04340072570318049 6.86
344 0.04338966199004466 6.88
345 0.04337870310782153 6.9
346 0.04336784086712994 6.92
347 0.04335705455215619 6.94
348 0.04334632714722689 6.96
349 0.04333566309616965 6.98
350 0.0433250611225837 7
351 0.04331454053727407 7.02
352 0.04330413605540291 7.04
353 0.04329386678156003 7.06
354 0.04328373322132256 7.08
355 0.04327375378814603 7.100000000000001
356 0.04326394562140067 7.12
357 0.0432543293094877 7.140000000000001
358 0.04324491640325211 7.16
359 0.04323571665934747 7.18
360 0.04322674712746749 7.2
361 0.04321801288302091 7.22
362 0.04320952350399072 7.24
363 0.04320129920663553 7.26
364 0.04319333057547696 7.28
365 0.04318563830433907 7.3
366 0.04317820756975246 7.32
367 0.04317105917106612 7.34
368 0.04316418922016657 7.36
369 0.04315760563981617 7.38
370 0.04315129146225396 7.4
371 0.04314527688657616 7.42
372 0.04313953226865132 7.44
373 0.04313404927539111 7.46
374 0.04312885594678136 7.48
375 0.04312391585039318 7.5
376 0.04311925827140444 7.52
377 0.04311485731857434 7.54
378 0.04311072884413984 7.56
379 0.04310684893485616 7.58
380 0.0431032573582505 7.600000000000001
381 0.04309990442956683 7.62
382 0.04309678509092734 7.640000000000001
383 0.04309388599232367 7.66
384 0.04309119462298458 7.68
385 0.04308870469198089 7.7
386 0.04308642203296168 7.72
387 0.04308432300934809 7.74
388 0.04308239487157092 7.76
389 0.04308065860531127 7.78
390 0.04307907658735134 7.8
391 0.04307764175277676 7.82
392 0.04307636689394186 7.84
393 0.04307521575093329 7.86
394 0.04307415828070752 7.88
395 0.04307319712420266 7.9
396 0.0430723400745963 7.92
397 0.04307158293887511 7.94
398 0.04307092123707125 7.96
399 0.04307034084908081 7.98
400 0.04306983402598216 8
401 0.0430693853918986 8.02
402 0.04306898293613852 8.040000000000001
403 0.04306862481437483 8.06
404 0.04306830715088018 8.08
405 0.04306802567731934 8.1
406 0.04306777687777705 8.120000000000001
407 0.04306755536505405 8.140000000000001
408 0.04306735517116729 8.16
409 0.04306716922099966 8.18
410 0.04306699233347232 8.199999999999999
411 0.04306682122740073 8.220000000000001
412 0.04306665196486845 8.24
413 0.04306648637186367 8.26
414 0.04306632462051312 8.279999999999999
415 0.04306616021595061 8.300000000000001
416 0.04306599273297265 8.32
417 0.04306580916417255 8.34
418 0.04306558796723239 8.359999999999999
419 0.04306530385105171 8.380000000000001
420 0.04306494809544116 8.4
421 0.04306452308014344 8.42
422 0.04306405138225256 8.44
423 0.04306352581373499 8.460000000000001
424 0.04306293013290591 8.48
425 0.043062251503783 8.5
426 0.04306146834338054 8.52
427 0.04306056885243496 8.540000000000001
428 0.04305954508419264 8.56
429 0.04305837793903089 8.58
430 0.04305704282715867 8.6
431 0.04305552816949346 8.620000000000001
432 0.0430538311964554 8.640000000000001
433 0.04305193568733674 8.66
434 0.04304980282266452 8.68
435 0.0430474276601111 8.700000000000001
436 0.04304478454966772 8.720000000000001
437 0.04304186854287977 8.74
438 0.0430386587571894 8.76
439 0.04303515233117974 8.779999999999999
440 0.04303135243532358 8.800000000000001
441 0.04302725468491524 8.82
442 0.04302284685125166 8.84
443 0.04301813724313007 8.859999999999999
444 0.04301310994377461 8.880000000000001
445 0.04300776257027359 8.9
446 0.04300209911336331 8.92
447 0.04299612153168924 8.94
448 0.04298983237056252 8.960000000000001
449 0.04298322904973319 8.98
450 0.04297631296679641 9
451 0.04296909904629023 9.02
452 0.04296161330164127 9.040000000000001
453 0.04295388548475427 9.06
454 0.0429459615241756 9.08
455 0.04293788052489713 9.1
456 0.0429296817913415 9.120000000000001
457 0.04292139791719724 9.140000000000001
458 0.04291305814528713 9.16
459 0.04290468150153849 9.18
460 0.04289629132044827 9.200000000000001
461 0.04288792600607778 9.220000000000001
462 0.04287962246234568 9.24
463 0.04287142139967809 9.26
464 0.04286336759219463 9.279999999999999
465 0.04285550614570891 9.300000000000001
466 0.04284787798701436 9.32
467 0.04284052019869212 9.34
468 0.04283347352281187 9.359999999999999
469 0.04282678434391698 9.380000000000001
470 0.04282051698481596 9.4
471 0.04281472779012108 9.42
472 0.0428094660683949 9.44
473 0.04280478058168584 9.460000000000001
474 0.04280072251716037 9.48
475 0.04279734904663422 9.5
476 0.04279470504647841 9.52
477 0.04279282444839735 9.540000000000001
478 0.04279173657127293 9.56
479 0.04279144905945356 9.58
480 0.0427919529963998 9.6
481 0.04279322890518108 9.620000000000001
482 0.04279525398208123 9.640000000000001
483 0.0427979996297955 9.66
484 0.04280143571922708 9.68
485 0.04280553025962815 9.700000000000001
486 0.04281024101443767 9.720000000000001
487 0.04281552030376087 9.74
488 0.04282132145010099 9.76
489 0.04282758824460767 9.779999999999999
490 0.04283427994592184 9.800000000000001
491 0.0428413173734842 9.82
492 0.04284866031662522 9.84
493 0.04285625538220476 9.859999999999999
494 0.04286405692174265 9.880000000000001
495 0.04287201067189489 9.9
496 0.04288007712397213 9.92
497 0.04288821131564542 9.94
498 0.04289637536355916 9.960000000000001
499 0.04290452091021077 9.98
500 0.0429125972653014 10
501 0.04292056913436973 10.02
502 0.04292841655053919 10.04
503 0.04293610598275319 10.06
504 0.0429436340537015 10.08
505 0.0429509697418781 10.1
506 0.04295810083609221 10.12
507 0.04296504600468935 10.14
508 0.04297176733167075 10.16
509 0.04297821004455168 10.18
510 0.042984384993104 10.2
511 0.04299025965159986 10.22
512 0.04299583283930934 10.24
513 0.04300110494603714 10.26
514 0.04300604123893166 10.28
515 0.04301059967889693 10.3
516 0.04301474985271563 10.32
517 0.04301836929266107 10.34
518 0.04302138796661882 10.36
519 0.0430236986856562 10.38
520 0.04302519155574121 10.4
521 0.04302585890000664 10.42
522 0.0430256347955965 10.44
523 0.0430245057331845 10.46
524 0.04302255079300819 10.48
525 0.04301969529839879 10.5
526 0.04301605206845802 10.52
527 0.04301171522258627 10.54
528 0.04300678862394513 10.56
529 0.04300136609404039 10.58
530 0.04299589264838286 10.6
531 0.04299047411431147 10.62
532 0.04298547032241135 10.64
533 0.04298086025557323 10.66
534 0.04297659866974218 10.68
535 0.04297264488290071 10.7
536 0.04296877627011075 10.72
537 0.04296499020711049 10.74
538 0.04296128648419885 10.76
539 0.04295752608386418 10.78
540 0.04295365756274729 10.8
541 0.04294969663902589 10.82
542 0.04294566581880018 10.84
543 0.04294159723762719 10.86
544 0.04293753153973746 10.88
545 0.04293351281175044 10.9
546 0.04292957893315096 10.92
547 0.04292577834152462 10.94
548 0.0429221445487379 10.96
549 0.04291871440715291 10.98
550 0.04291551985637736 11
551 0.04291256578626502 11.02
552 0.04290986510482857 11.04
553 0.04290741733090284 11.06
554 0.04290522433100259 11.08
555 0.04290327212101856 11.1
556 0.04290153128680978 11.12
557 0.04289992256803683 11.14
558 0.04289833067596623 11.16
559 0.04289663182163817 11.18
560 0.04289468527912518 11.2
561 0.04289236197834993 11.22
562 0.0428895492960361 11.24
563 0.04288616166538436 11.26
564 0.0428821150708187 11.28
565 0.04287735250364495 11.3
566 0.04287184788571032 11.32
567 0.04286560359016307 11.34
568 0.04285863292353485 11.36
569 0.04285096163699987 11.38
570 0.04284263831824623 11.4
571 0.0428337179310111 11.42
572 0.04282430105852601 11.44
573 0.04281443801872575 11.46
574 0.04280424793994396 11.48
575 0.04279374027461444 11.5
576 0.04278294065706205 11.52
577 0.04277188339961899 11.54
578 0.0427604355844141 11.56
579 0.04274852631114044 11.58
580 0.04273607385354149 11.6
581 0.04272288109638308 11.62
582 0.04270864803468093 11.64
583 0.04269321702334274 11.66
584 0.04267642909971889 11.68
585 0.04265830513547986 11.7
586 0.04263903039994792 11.72
587 0.04261874943503365 11.74
588 0.04259774658696607 11.76
589 0.04257663318878818 11.78
590 0.04255626253528863 11.8
591 0.04253802943769421 11.82
592 0.04252380416828368 11.84
593 0.04251472490897595 11.86
594 0.04251120224952312 11.88
595 0.04251291392282228 11.9
596 0.04251883388778519 11.92
597 0.04252755789156334 11.94
598 0.04253746164760935 11.96
599 0.04254692066949513 11.98
600 0.04255465842144034 12
601 0.04255992878231084 12.02
602 0.04256243926862212 12.04
603 0.04256237249271538 12.06
604 0.04255996859303125 12.08
605 0.04255546511478474 12.1
606 0.0425491612282594 12.12
607 0.04254138209670213 12.14
608 0.04253216873574784 12.16
609 0.04252152523800921 12.18
610 0.04250969167465024 12.2
611 0.04249678364122694 12.22
612 0.0424827377404319 12.24
613 0.04246778021762381 12.26
614 0.04245193148299926 12.28
615 0.04243525042529105 12.3
616 0.04241799135775937 12.32
617 0.04240018501624688 12.34
618 0.0423820559602115 12.36
619 0.04236367230436357 12.38
620 0.04234536090220466 12.4
621 0.04232716400907745 12.42
622 0.04230929878105411 12.44
623 0.04229176823920931 12.46
624 0.04227448984431457 12.48
625 0.0422573759947867 12.5
626 0.04224028807957493 12.52
627 0.04222307055531608 12.54
628 0.04220559443888444 12.56
629 0.04218769756310742 12.58
630 0.04216924075343714 12.6
631 0.0421501118697667 12.62
632 0.04213019585244695 12.64
633 0.04210938805602941 12.66
634 0.0420876265004952 12.68
635 0.04206485244798625 12.7
636 0.04204104039607352 12.72
637 0.04201614796009854 12.74
638 0.04199016105438202 12.76
639 0.04196304797296423 12.78
640 0.0419348082246292 12.8
641 0.04190542943953154 12.82
642 0.04187493997813323 12.84
643 0.04184333471900096 12.86
644 0.04181063857724464 12.88
645 0.04177682925513791 12.9
646 0.04174197239837414 12.92
647 0.04170598264067216 12.94
648 0.04166884488140057 12.96
649 0.04163056020889921 12.98
650 0.04159113376827918 13
651 0.04155050422730625 13.02
652 0.04150870788343769 13.04
653 0.04146573383127647 13.06
654 0.04142157465866193 13.08
655 0.04137621720523874 13.1
656 0.04132960056800108 13.12
657 0.04128167373341639 13.14
658 0.04123241353185 13.16
659 0.04118176892598836 13.18
660 0.04112984251481629 13.2
661 0.04107674539428212 13.22
662 0.0410226599856821 13.24
663 0.04096784284598873 13.26
664 0.04091269890010044 13.28
665 0.04085769736277452 13.3
666 0.04080366300905334 13.32
667 0.04075163611406958 13.34
668 0.04070277340822045 13.36
669 0.04065919888979283 13.38
670 0.04062326541430324 13.4
671 0.04059652696599483 13.42
