\BOOKMARK [-1][-]{part.1}{\376\377\000I\000\040\000E\000x\000p\000e\000r\000i\000m\000e\000n\000t\000a\000l\000\040\000R\000e\000a\000c\000t\000o\000r\000\040\000K\000i\000n\000e\000t\000i\000c\000s}{}% 1
\BOOKMARK [0][-]{chapter.1}{\376\377\000C\000o\000n\000t\000r\000o\000l\000\040\000R\000o\000d\000s}{part.1}% 2
\BOOKMARK [1][-]{section.1.1}{\376\377\000I\000n\000t\000r\000o\000d\000u\000c\000t\000i\000o\000n\000\040\000t\000o\000\040\000C\000o\000n\000t\000r\000o\000l\000\040\000R\000o\000d\000s}{chapter.1}% 3
\BOOKMARK [2][-]{subsection.1.1.1}{\376\377\000F\000u\000n\000c\000t\000i\000o\000n\000s}{section.1.1}% 4
\BOOKMARK [2][-]{subsection.1.1.2}{\376\377\000P\000h\000y\000s\000i\000c\000a\000l\000\040\000B\000e\000h\000a\000v\000i\000o\000r}{section.1.1}% 5
\BOOKMARK [2][-]{subsection.1.1.3}{\376\377\000E\000f\000f\000e\000c\000t\000s}{section.1.1}% 6
\BOOKMARK [2][-]{subsection.1.1.4}{\376\377\000D\000e\000s\000i\000g\000n}{section.1.1}% 7
\BOOKMARK [2][-]{subsection.1.1.5}{\376\377\000C\000a\000l\000i\000b\000r\000a\000t\000i\000o\000n}{section.1.1}% 8
\BOOKMARK [2][-]{subsection.1.1.6}{\376\377\000F\000o\000r\000m\000u\000l\000a\000s}{section.1.1}% 9
\BOOKMARK [1][-]{section.1.2}{\376\377\000C\000r\000i\000t\000i\000c\000a\000l\000\040\000C\000a\000l\000i\000b\000r\000a\000t\000i\000o\000n\000\040\000M\000e\000t\000h\000o\000d}{chapter.1}% 10
\BOOKMARK [2][-]{subsection.1.2.1}{\376\377\000T\000h\000e\000o\000r\000y}{section.1.2}% 11
\BOOKMARK [2][-]{subsection.1.2.2}{\376\377\000P\000r\000o\000s\000\040\000a\000n\000d\000\040\000C\000o\000n\000s\000\040\000o\000f\000\040\000t\000h\000e\000\040\000C\000r\000i\000t\000i\000c\000a\000l\000\040\000M\000e\000t\000h\000o\000d}{section.1.2}% 12
\BOOKMARK [2][-]{subsection.1.2.3}{\376\377\000E\000x\000p\000e\000r\000i\000m\000e\000n\000t\000a\000l\000\040\000P\000r\000o\000c\000e\000d\000u\000r\000e}{section.1.2}% 13
\BOOKMARK [1][-]{section.1.3}{\376\377\000S\000u\000b\000c\000r\000i\000t\000i\000c\000a\000l\000\040\000C\000o\000n\000t\000r\000o\000l\000\040\000R\000o\000d\000\040\000C\000a\000l\000i\000b\000r\000a\000t\000i\000o\000n}{chapter.1}% 14
\BOOKMARK [2][-]{subsection.1.3.1}{\376\377\000I\000n\000t\000r\000o\000d\000u\000c\000t\000i\000o\000n}{section.1.3}% 15
\BOOKMARK [2][-]{subsection.1.3.2}{\376\377\000T\000h\000e\000o\000r\000y\000\040\000-\000\040\000T\000B\000C}{section.1.3}% 16
\BOOKMARK [2][-]{subsection.1.3.3}{\376\377\000E\000x\000p\000e\000r\000i\000m\000e\000n\000t\000a\000l\000\040\000P\000r\000o\000c\000e\000d\000u\000r\000e}{section.1.3}% 17
\BOOKMARK [2][-]{subsection.1.3.4}{\376\377\000P\000r\000o\000s\000\040\000a\000n\000d\000\040\000C\000o\000n\000s\000\040\000o\000f\000\040\000t\000h\000e\000\040\000S\000u\000b\000c\000r\000i\000t\000i\000c\000a\000l\000\040\000M\000e\000t\000h\000o\000d}{section.1.3}% 18
\BOOKMARK [0][-]{chapter.2}{\376\377\000R\000e\000a\000c\000t\000i\000v\000i\000t\000y\000\040\000C\000o\000e\000f\000f\000i\000c\000i\000e\000n\000t\000s}{part.1}% 19
\BOOKMARK [1][-]{section.2.1}{\376\377\000D\000e\000f\000i\000n\000i\000t\000i\000o\000n}{chapter.2}% 20
\BOOKMARK [1][-]{section.2.2}{\376\377\000R\000e\000a\000c\000t\000i\000v\000i\000t\000y\000\040\000C\000o\000e\000f\000f\000i\000c\000i\000e\000n\000t\000s\000\040\000f\000o\000r\000\040\000D\000i\000f\000f\000e\000r\000e\000n\000t\000\040\000C\000o\000m\000p\000o\000n\000e\000n\000t\000s}{chapter.2}% 21
\BOOKMARK [1][-]{section.2.3}{\376\377\000D\000o\000p\000p\000l\000e\000r\000\040\000E\000f\000f\000e\000c\000t}{chapter.2}% 22
\BOOKMARK [1][-]{section.2.4}{\376\377\000F\000u\000n\000c\000t\000i\000o\000n\000s\000\040\000o\000f\000\040\000R\000e\000a\000c\000t\000i\000v\000i\000t\000y\000\040\000C\000o\000e\000f\000f\000i\000c\000i\000e\000n\000t\000s}{chapter.2}% 23
\BOOKMARK [1][-]{section.2.5}{\376\377\000D\000e\000s\000i\000g\000n\000\040\000C\000o\000n\000s\000i\000d\000e\000r\000a\000t\000i\000o\000n\000s}{chapter.2}% 24
\BOOKMARK [1][-]{section.2.6}{\376\377\000P\000h\000y\000s\000i\000c\000a\000l\000\040\000B\000a\000c\000k\000g\000r\000o\000u\000n\000d}{chapter.2}% 25
\BOOKMARK [2][-]{subsection.2.6.1}{\376\377\000D\000e\000p\000e\000n\000d\000e\000n\000c\000e\000\040\000o\000n\000\040\000P\000a\000r\000a\000m\000e\000t\000e\000r\000s}{section.2.6}% 26
\BOOKMARK [2][-]{subsection.2.6.2}{\376\377\000S\000i\000d\000e\000\040\000N\000o\000t\000e\000\040\000o\000n\000\040\000F\000a\000s\000t\000\040\000R\000e\000a\000c\000t\000o\000r\000s}{section.2.6}% 27
\BOOKMARK [1][-]{section.2.7}{\376\377\000O\000v\000e\000r\000v\000i\000e\000w\000\040\000o\000f\000\040\000t\000h\000e\000\040\000E\000f\000f\000e\000c\000t\000s\000\040\000o\000f\000\040\000R\000e\000a\000c\000t\000i\000v\000i\000t\000y\000\040\000C\000o\000e\000f\000f\000i\000c\000i\000e\000n\000t\000s}{chapter.2}% 28
\BOOKMARK [1][-]{section.2.8}{\376\377\000T\000R\000I\000G\000A\000\040\000F\000u\000e\000l}{chapter.2}% 29
\BOOKMARK [2][-]{subsection.2.8.1}{\376\377\000E\000x\000p\000e\000r\000i\000m\000e\000n\000t\000a\000l\000\040\000F\000i\000n\000d\000i\000n\000g\000s}{section.2.8}% 30
\BOOKMARK [1][-]{section.2.9}{\376\377\000E\000x\000p\000l\000a\000n\000a\000t\000i\000o\000n\000\040\000o\000f\000\040\000t\000h\000e\000\040\000R\000e\000s\000u\000l\000t\000s}{chapter.2}% 31
\BOOKMARK [1][-]{section.2.10}{\376\377\000T\000h\000e\000r\000m\000a\000l\000i\000z\000a\000t\000i\000o\000n\000\040\000t\000h\000r\000o\000u\000g\000h\000\040\000B\000o\000u\000n\000d\000e\000d\000\040\000N\000u\000c\000l\000e\000i}{chapter.2}% 32
\BOOKMARK [1][-]{section.2.11}{\376\377\000E\000l\000a\000s\000t\000i\000c\000\040\000v\000s\000\040\000I\000n\000e\000l\000a\000s\000t\000i\000c\000\040\000S\000c\000a\000t\000t\000e\000r\000i\000n\000g}{chapter.2}% 33
\BOOKMARK [1][-]{section.2.12}{\376\377\000T\000h\000e\000r\000m\000a\000l\000i\000z\000a\000t\000i\000o\000n\000\040\000t\000h\000r\000o\000u\000g\000h\000\040\000B\000o\000u\000n\000d\000e\000d\000\040\000N\000u\000c\000l\000e\000i}{chapter.2}% 34
\BOOKMARK [1][-]{section.2.13}{\376\377\000C\000o\000h\000e\000r\000e\000n\000t\000\040\000a\000n\000d\000\040\000I\000n\000c\000o\000h\000e\000r\000e\000n\000t\000\040\000S\000c\000a\000t\000t\000e\000r\000i\000n\000g}{chapter.2}% 35
\BOOKMARK [1][-]{section.2.14}{\376\377\000S\000u\000m\000m\000a\000r\000y\000\040\000o\000f\000\040\000F\000i\000n\000d\000i\000n\000g\000s\000\040\000o\000n\000\040\000T\000R\000I\000G\000A\000\040\000F\000u\000e\000l}{chapter.2}% 36
\BOOKMARK [1][-]{section.2.15}{\376\377\000R\000e\000c\000a\000p\000\040\000o\000f\000\040\000R\000e\000s\000u\000l\000t\000s}{chapter.2}% 37
\BOOKMARK [1][-]{section.2.16}{\376\377\000A\000d\000d\000i\000t\000i\000o\000n\000a\000l\000\040\000N\000o\000t\000e\000s}{chapter.2}% 38
\BOOKMARK [2][-]{subsection.2.16.1}{\376\377\000C\000o\000m\000p\000o\000s\000i\000t\000i\000o\000n\000\040\000o\000f\000\040\000f\000u\000e\000l\000\040\000r\000e\000a\000c\000t\000i\000v\000i\000y\000\040\000c\000o\000e\000f\000f\000i\000c\000e\000n\000t\000\040\000i\000n\000\040\000t\000h\000e\000\040\000T\000R\000I\000G\000A\000\040\000r\000e\000a\000c\000t\000o\000r}{section.2.16}% 39
\BOOKMARK [2][-]{subsection.2.16.2}{\376\377\000T\000R\000I\000G\000A\000\040\000F\000u\000e\000l\000\040\000C\000h\000a\000r\000a\000c\000t\000e\000r\000i\000s\000t\000i\000c\000s}{section.2.16}% 40
\BOOKMARK [1][-]{section.2.17}{\376\377\000E\000x\000p\000e\000r\000i\000m\000e\000n\000t\000a\000l\000\040\000B\000r\000i\000e\000f}{chapter.2}% 41
\BOOKMARK [1][-]{section.2.18}{\376\377\000V\000o\000i\000d\000\040\000C\000o\000e\000f\000f\000i\000c\000i\000e\000n\000t}{chapter.2}% 42
\BOOKMARK [2][-]{subsection.2.18.1}{\376\377\000D\000e\000f\000i\000n\000i\000t\000i\000o\000n\000\040\000a\000n\000d\000\040\000F\000u\000n\000c\000t\000i\000o\000n}{section.2.18}% 43
\BOOKMARK [2][-]{subsection.2.18.2}{\376\377\000D\000e\000s\000i\000g\000n\000\040\000C\000o\000n\000s\000i\000d\000e\000r\000a\000t\000i\000o\000n\000s\000\040\000a\000n\000d\000\040\000P\000h\000y\000s\000i\000c\000a\000l\000\040\000B\000a\000c\000k\000g\000r\000o\000u\000n\000d}{section.2.18}% 44
\BOOKMARK [1][-]{section.2.19}{\376\377\000I\000m\000p\000a\000c\000t\000\040\000o\000n\000\040\000t\000h\000e\000\040\000S\000i\000x\000-\000F\000a\000c\000t\000o\000r\000\040\000F\000o\000r\000m\000u\000l\000a}{chapter.2}% 45
\BOOKMARK [1][-]{section.2.20}{\376\377\000E\000x\000p\000e\000r\000i\000m\000e\000n\000t\000\040\000O\000u\000t\000l\000i\000n\000e}{chapter.2}% 46
\BOOKMARK [2][-]{subsection.2.20.1}{\376\377\000E\000x\000a\000m\000p\000l\000e\000s\000\040\000o\000f\000\040\000V\000o\000i\000d\000\040\000E\000x\000p\000e\000r\000i\000m\000e\000n\000t\000s}{section.2.20}% 47
\BOOKMARK [1][-]{section.2.21}{\376\377\000E\000f\000f\000e\000c\000t\000s\000\040\000o\000n\000\040\000N\000e\000u\000t\000r\000o\000n\000i\000c\000s}{chapter.2}% 48
\BOOKMARK [1][-]{section.2.22}{\376\377\000S\000p\000e\000c\000t\000r\000a\000l\000\040\000H\000a\000r\000d\000e\000n\000i\000n\000g}{chapter.2}% 49
\BOOKMARK [2][-]{subsection.2.22.1}{\376\377\000D\000i\000s\000a\000d\000v\000a\000n\000t\000a\000g\000e\000\040\000F\000a\000c\000t\000o\000r}{section.2.22}% 50
\BOOKMARK [1][-]{section.2.23}{\376\377\000E\000x\000p\000e\000r\000i\000m\000e\000n\000t\000a\000l\000\040\000P\000r\000o\000c\000e\000d\000u\000r\000e}{chapter.2}% 51
\BOOKMARK [2][-]{subsection.2.23.1}{\376\377\000S\000i\000m\000p\000l\000e\000\040\000A\000p\000p\000r\000o\000a\000c\000h}{section.2.23}% 52
\BOOKMARK [1][-]{section.2.24}{\376\377\000C\000o\000o\000l\000a\000n\000t\000\040\000E\000f\000f\000e\000c\000t\000s}{chapter.2}% 53
\BOOKMARK [2][-]{subsection.2.24.1}{\376\377\000C\000o\000m\000p\000o\000n\000e\000n\000t\000s}{section.2.24}% 54
\BOOKMARK [2][-]{subsection.2.24.2}{\376\377\000I\000s\000o\000t\000h\000e\000r\000m\000a\000l\000\040\000C\000o\000e\000f\000f\000i\000c\000i\000e\000n\000t}{section.2.24}% 55
\BOOKMARK [0][-]{chapter.3}{\376\377\000P\000u\000l\000s\000e\000\040\000M\000o\000d\000e}{part.1}% 56
\BOOKMARK [1][-]{section.3.1}{\376\377\000P\000u\000l\000s\000e\000\040\000M\000o\000d\000e\000\040\000O\000p\000e\000r\000a\000t\000i\000o\000n}{chapter.3}% 57
\BOOKMARK [1][-]{section.3.2}{\376\377\000F\000u\000n\000c\000t\000i\000o\000n\000s\000\040\000o\000f\000\040\000P\000u\000l\000s\000e\000\040\000M\000o\000d\000e}{chapter.3}% 58
\BOOKMARK [1][-]{section.3.3}{\376\377\000P\000h\000y\000s\000i\000c\000a\000l\000\040\000B\000a\000c\000k\000g\000r\000o\000u\000n\000d}{chapter.3}% 59
\BOOKMARK [1][-]{section.3.4}{\376\377\000E\000x\000p\000e\000r\000i\000m\000e\000n\000t\000a\000l\000\040\000E\000v\000i\000d\000e\000n\000c\000e\000\040\000o\000f\000\040\000L\000j\000u\000b\000l\000j\000a\000n\000a\000\040\000P\000u\000l\000s\000e\000s}{chapter.3}% 60
\BOOKMARK [1][-]{section.3.5}{\376\377\000N\000o\000r\000d\000h\000e\000i\000m\000-\000F\000u\000c\000h\000s\000\040\000M\000o\000d\000e\000l}{chapter.3}% 61
\BOOKMARK [1][-]{section.3.6}{\376\377\000P\000o\000w\000e\000r\000\040\000P\000u\000l\000s\000e\000\040\000P\000a\000r\000a\000m\000e\000t\000e\000r\000s}{chapter.3}% 62
\BOOKMARK [1][-]{section.3.7}{\376\377\000W\000h\000y\000\040\000T\000R\000I\000G\000A\000\040\000C\000a\000n\000\040\000O\000p\000e\000r\000a\000t\000e\000\040\000i\000n\000\040\000P\000u\000l\000s\000e\000\040\000M\000o\000d\000e}{chapter.3}% 63
\BOOKMARK [1][-]{section.3.8}{\376\377\000P\000h\000y\000s\000i\000c\000a\000l\000\040\000P\000h\000e\000n\000o\000m\000e\000n\000o\000n\000\040\000o\000f\000\040\000t\000h\000e\000\040\000P\000u\000l\000s\000e}{chapter.3}% 64
\BOOKMARK [1][-]{section.3.9}{\376\377\000P\000o\000w\000e\000r\000\040\000P\000u\000l\000s\000e\000\040\000P\000a\000r\000a\000m\000e\000t\000e\000r\000s}{chapter.3}% 65
\BOOKMARK [1][-]{section.3.10}{\376\377\000E\000x\000a\000m\000p\000l\000e\000s\000\040\000a\000n\000d\000\040\000L\000i\000m\000i\000t\000a\000t\000i\000o\000n\000s}{chapter.3}% 66
