"reynolds-rfile"
"Iteration" "reynolds"
("Iteration" "reynolds")
1 136324.3927528218
2 136280.5636644249
3 136225.2310846999
4 136159.3485450706
5 136089.5691317829
6 136020.3132570391
7 135956.0535535177
8 135901.7565134516
9 135859.7958464349
10 135832.7115088998
11 135821.7018663721
12 135826.8618586365
13 135847.2143143047
14 135880.6882383753
15 135924.3364519979
16 135974.5804517326
17 136027.5186177795
18 136079.2155464965
19 136126.0203749752
20 136164.6149405907
21 136192.3993040095
22 136207.8108689294
23 136210.2102690536
24 136199.8891342408
25 136178.073189328
26 136146.7615401781
27 136108.564493471
28 136066.5084111202
29 136023.9113767247
30 135983.9176942467
31 135949.2864398155
32 135922.3663810314
33 135904.8591864618
34 135897.7159220262
35 135901.0720409041
36 135914.289895897
37 135936.0612591205
38 135964.482654893
39 135997.2393337492
40 136031.7998207493
41 136065.5648177073
42 136096.1533210498
43 136121.4596577511
44 136139.7292987
45 136149.9143190976
46 136151.5956112344
47 136144.9643688035
48 136130.81055917
49 136110.4311302505
50 136085.5384977192
51 136058.1227164978
52 136030.3540461153
53 136004.2589361872
54 135981.6367835909
55 135964.0398906251
56 135952.5786640162
57 135947.8673053485
58 135950.0095891864
59 135958.6011014506
60 135972.7926208765
61 135991.3510282685
62 136012.7554579149
63 136035.3456584149
64 136057.431648225
65 136077.4417761043
66 136094.0301904158
67 136106.0606034562
68 136112.793592962
69 136113.9645496156
70 136109.691802678
71 136100.4954832024
72 136087.2256415854
73 136070.998455213
74 136053.123437757
75 136035.0187555689
76 136018.0004787007
77 136003.2574562889
78 135991.792205676
79 135984.3318577158
80 135981.2826507216
81 135982.7144942218
82 135988.3647027639
83 135997.6690832934
84 136009.8220430925
85 136023.8360169547
86 136038.6187943387
87 136053.070650059
88 136066.166983491
89 136077.0209651237
90 136084.9108772599
91 136089.3356576677
92 136090.1059165068
93 136087.3078461587
94 136081.2716248365
95 136072.5807898928
96 136061.9533573486
97 136050.250383464
98 136038.4072087549
99 136027.2959125469
100 136017.6893736963
101 136010.2404628373
102 136005.4203594983
103 136003.4931844614
104 136004.4986963064
105 136008.2605290862
106 136014.4075386845
107 136022.4096212148
108 136031.6173237606
109 136041.3155392105
110 136050.7831150119
111 136059.354141627
112 136066.4424697759
113 136071.5786845757
114 136074.4358598066
115 136074.8908471021
116 136073.0130175973
117 136069.0320733366
118 136063.3140030512
119 136056.344823366
120 136048.6907939594
121 136040.9525489582
122 136033.7089672691
123 136027.4734058826
124 136022.6660933862
125 136019.5909027644
126 136018.413550027
127 136019.1535875045
128 136021.6896284761
129 136025.7760713911
130 136031.0598812209
131 136037.1119256588
132 136043.467172199
133 136049.6589007153
134 136055.2454477783
135 136059.8310997754
136 136063.1013017845
137 136064.8730412674
138 136065.0811347952
139 136063.7712681254
140 136061.0968543727
141 136057.3052112825
142 136052.7188589876
143 136047.7028769295
144 136042.6408546408
145 136037.9136287128
146 136033.865420666
147 136030.7719892023
148 136028.8261487951
149 136028.1291606291
150 136028.6881747617
151 136030.4191120927
152 136033.1557210321
153 136036.6637475898
154 136040.6615947825
155 136044.8418646657
156 136048.8854875633
157 136052.4893895703
158 136055.4140770535
159 136057.4791670647
160 136058.5658104826
161 136058.6319725265
162 136057.7115170805
163 136055.9096760885
164 136053.3930540194
165 136050.3725245934
166 136047.0922135181
167 136043.8010127641
168 136040.7447594056
169 136038.139066138
170 136036.161787961
171 136034.9393012798
172 136034.5367335413
173 136034.9569938644
174 136036.141324129
175 136037.9779326592
176 136040.305926679
177 136042.9325430358
178 136045.6525424682
179 136048.2667010782
180 136050.5901693082
181 136052.4645249149
182 136053.7720140053
183 136054.4359338472
184 136054.4337551903
185 136053.7895195312
186 136052.5764618429
187 136050.9049979722
188 136048.9141790797
189 136046.7656708488
190 136044.6232359672
191 136042.6447266946
192 136040.9717195624
193 136039.7168005564
194 136038.9559841352
195 136038.7303030529
196 136039.0363955565
197 136039.8338098498
198 136041.0459747886
199 136042.5691091372
200 136044.2824980864
201 136046.0527534001
202 136047.7482068857
203 136049.2481177328
204 136050.4500266128
205 136051.276687109
206 136051.6827101159
207 136051.6520033485
208 136051.2048518216
209 136050.3895826888
210 136049.279980271
211 136047.9698767363
212 136046.5633416714
213 136045.1683303046
214 136043.8866125472
215 136042.8092519237
216 136042.00872442
217 136041.5344547875
218 136041.4087849439
219 136041.6307398767
220 136042.1703059764
221 136042.9746862075
222 136043.9775806008
223 136045.0966961657
224 136046.2464646463
225 136047.3419015782
226 136048.305550082
227 136049.0703462404
228 136049.5871165009
229 136049.8278420192
230 136049.7844899043
231 136049.4712507222
232 136048.92175331
233 136048.1850684514
234 136047.3230651246
235 136046.4029547393
236 136045.4958006431
237 136044.6671334743
238 136043.9767355581
239 136043.4689538384
240 136043.1754988591
241 136043.1101202113
242 136043.2693658575
243 136043.6330622016
244 136044.1671003106
245 136044.8260017979
246 136045.5560799136
247 136046.3018491571
248 136047.0076657734
249 136047.6228477096
250 136048.1054414765
251 136048.4248776127
252 136048.562554132
253 136048.5171764675
254 136048.2973698477
255 136047.926249628
256 136047.4368739374
257 136046.8702793066
258 136046.2708963425
259 136045.6842807941
260 136045.1526092784
261 136044.714279575
262 136044.3979554032
263 136044.221902969
264 136044.1941411688
265 136044.3117612847
266 136044.5598276923
267 136044.9153946918
268 136045.348328426
269 136045.8240578801
270 136046.3059643586
271 136046.7577182681
272 136047.1471096178
273 136047.4477853802
274 136047.6410083666
275 136047.7162084643
276 136047.6722332003
277 136047.5163890113
278 136047.2648622622
279 136046.9389944075
280 136046.5663785757
281 136046.1756372906
282 136045.7963807735
283 136045.4559559719
284 136045.1783722373
285 136044.9811037173
286 136044.8763757131
287 136044.8681971405
288 136044.9532489097
289 136045.1217069571
290 136045.3585073982
291 136045.6431855087
292 136045.9525954037
293 136046.2632129926
294 136046.5517690985
295 136046.797812606
296 136046.984658686
297 136047.1006352453
298 136047.1394053514
299 136047.1011943648
300 136046.9914026446
301 136046.8206934998
302 136046.6040336701
303 136046.3587184014
304 136046.1042368142
305 136045.8594022134
306 136045.6418043531
307 136045.4669858812
308 136045.3458743362
309 136045.2853458205
310 136045.2876660262
311 136045.3503913156
312 136045.4658570627
313 136045.6238120211
314 136045.8108145571
315 136046.0116868602
316 136046.2109443461
317 136046.3938815412
318 136046.5474313811
319 136046.661385037
320 136046.728253803
321 136046.7450688759
322 136046.7123050856
323 136046.6339733062
324 136046.5177323896
325 136046.3733223594
326 136046.2120834404
327 136046.0470400615
328 136045.889941911
329 136045.7525699145
330 136045.6441418067
331 136045.5713737739
332 136045.5382331091
333 136045.5456514335
334 136045.5914165015
335 136045.6706573196
336 136045.775900674
337 136045.8983691354
338 136046.0283560343
339 136046.1556644633
340 136046.2706756376
341 136046.3651241506
342 136046.4328492177
343 136046.4697212902
344 136046.4739651446
345 136046.4463402163
346 136046.3900773335
347 136046.3103246603
348 136046.2138236907
349 136046.1081951412
350 136046.0015340816
351 136045.9015631773
352 136045.8153943931
353 136045.7487294807
354 136045.7056424451
355 136045.6883166632
356 136045.6969494192
357 136045.7297717701
358 136045.7833097212
359 136045.8527465808
360 136045.9321006169
361 136046.0150907355
362 136046.0952316899
363 136046.1665923839
364 136046.2239915369
365 136046.263628476
366 136046.2834047699
367 136046.2820535947
368 136046.2605743789
369 136046.2210715982
370 136046.1671070981
371 136046.102805754
372 136046.0337732306
373 136045.9649442236
374 136045.9012115615
375 136045.8468636865
376 136045.8056779846
377 136045.7799816266
378 136045.7709636738
379 136045.7784358379
380 136045.8014085242
381 136045.8370728198
382 136045.8823066029
383 136045.9333232465
384 136045.9860263157
385 136046.036213902
386 136046.080172126
387 136046.1147733664
388 136046.1374433335
389 136046.1470678351
390 136046.1432243579
391 136046.1266039942
392 136046.098723053
393 136046.0619299482
394 136046.0192464405
395 136045.9738997965
396 136045.9291859689
397 136045.8880584317
398 136045.8537012732
399 136045.8280207983
400 136045.8124184026
401 136045.8076312649
402 136045.8134291826
403 136045.8288418123
404 136045.8521384511
405 136045.8813343816
406 136045.9137141508
407 136045.9467322135
408 136045.9777196864
409 136046.0042973794
410 136046.0245348893
411 136046.0370635006
412 136046.0408311505
413 136046.0362726759
414 136046.0234178168
415 136046.0033884448
416 136045.9780317863
417 136045.94923643
418 136045.9191644319
419 136045.889883701
420 136045.8633586619
421 136045.8413423398
422 136045.8250850146
423 136045.815728777
424 136045.8130363825
425 136045.8172156728
426 136045.8274229598
427 136045.8425003349
428 136045.8609517195
429 136045.8810390948
430 136045.9013356373
431 136045.9200502139
432 136045.9357392543
433 136045.9471473387
434 136045.9534728244
435 136045.9542234271
436 136045.9494863817
437 136045.9396482315
438 136045.925416259
439 136045.9079260057
440 136045.8884238239
441 136045.8682474247
442 136045.8489220387
443 136045.831536132
444 136045.817270543
445 136045.8068296846
446 136045.800612468
447 136045.7987661219
448 136045.8010880677
449 136045.8072169148
450 136045.8162347634
451 136045.8273004797
452 136045.8392878221
453 136045.8511794203
454 136045.8618735882
455 136045.8705566892
456 136045.8764678584
457 136045.8791965465
458 136045.8784646831
459 136045.8742058181
460 136045.8666920297
461 136045.8565684155
462 136045.8443410086
463 136045.8309817886
464 136045.8172665377
465 136045.8042397974
466 136045.7925052144
467 136045.7828086565
468 136045.7755996145
469 136045.7711625738
470 136045.7696028212
471 136045.7707219336
472 136045.7741194291
473 136045.7793260467
474 136045.7857425652
475 136045.7926865168
476 136045.7994467879
477 136045.8053507285
478 136045.8098706889
479 136045.8124504151
480 136045.8128595884
481 136045.8109950001
482 136045.8068972511
483 136045.8008093585
484 136045.7930859484
485 136045.7842038056
486 136045.774675362
487 136045.7650942192
488 136045.7559712401
489 136045.7479036454
490 136045.7412156877
491 136045.7361878618
492 136045.7329919618
493 136045.7316151578
494 136045.7319416055
495 136045.7336831007
496 136045.736506874
497 136045.7399633186
498 136045.7436277518
499 136045.7470821896
500 136045.7498893816
501 136045.7517163393
502 136045.752323075
503 136045.7515127555
504 136045.7492549746
505 136045.7455653829
506 136045.740626276
507 136045.7346865473
508 136045.728049049
509 136045.7210516658
510 136045.7140855836
511 136045.7076226545
512 136045.7018956758
513 136045.6971157512
514 136045.6934346461
515 136045.6909452993
516 136045.6897207059
517 136045.6894721437
518 136045.6901422575
519 136045.6914883633
520 136045.6931708607
521 136045.6949376066
522 136045.696457697
523 136045.6975622516
524 136045.6978789477
525 136045.6973480675
526 136045.6958881474
527 136045.6934763333
528 136045.6901396836
529 136045.6860371061
530 136045.6813557676
531 136045.6761977714
532 136045.6709659987
533 136045.6657829126
534 136045.6609856626
535 136045.6566505608
536 136045.6529785628
537 136045.6499573139
538 136045.6476229652
539 136045.646099599
540 136045.6452313456
541 136045.6449753718
542 136045.6450874968
543 136045.6453910472
544 136045.6457239562
545 136045.6458857505
546 136045.6457400413
547 136045.645168348
548 136045.6440293464
549 136045.6423219621
550 136045.6399687721
551 136045.6370606606
552 136045.6338314294
553 136045.630375566
554 136045.6267640101
555 136045.6231872765
556 136045.6197685203
557 136045.6167016616
558 136045.6140772592
559 136045.6119606788
560 136045.6104221052
561 136045.6094264708
562 136045.608932816
563 136045.6088792038
564 136045.6091344875
565 136045.6094453572
566 136045.6098246363
567 136045.6101193146
568 136045.6101331193
569 136045.6098897367
570 136045.6092090733
571 136045.6080134906
572 136045.6065545546
573 136045.6046492773
574 136045.6024237129
575 136045.5999751843
576 136045.5972451987
577 136045.5942682331
578 136045.5912131575
579 136045.5882385584
580 136045.5852610621
581 136045.5825324144
582 136045.5800526539
583 136045.5777266606
584 136045.5756000882
585 136045.5736865115
586 136045.5719874459
587 136045.5704418261
588 136045.5690294931
589 136045.5677197209
590 136045.5664029313
591 136045.5650816497
592 136045.5636963778
593 136045.5622239059
594 136045.5606251018
595 136045.5588599295
596 136045.5569141707
597 136045.5547924843
598 136045.5525781
599 136045.5502961381
600 136045.5478710662
601 136045.5453181422
602 136045.5427662448
603 136045.5402841604
604 136045.5378450997
605 136045.5355347906
606 136045.5333770365
607 136045.5313516844
608 136045.5294796833
609 136045.5277200594
610 136045.5260569121
611 136045.52451317
612 136045.5230191254
613 136045.5215460908
614 136045.5201168366
615 136045.5186205262
616 136045.5170650322
617 136045.5154199514
618 136045.5136953197
619 136045.5117770179
620 136045.5097347962
621 136045.5076216982
622 136045.5054223744
623 136045.5031279198
624 136045.5008335016
625 136045.4984859039
626 136045.496115836
627 136045.4937757485
628 136045.491477341
629 136045.4892881871
630 136045.4872855833
631 136045.4852664445
632 136045.4833698884
633 136045.4815186215
634 136045.4796853507
635 136045.4779299089
636 136045.4761335223
637 136045.4743804919
638 136045.4726444966
639 136045.4709217007
640 136045.4690799459
641 136045.4672196701
642 136045.4652123729
643 136045.4631875075
644 136045.461060312
645 136045.4589271749
646 136045.4567271997
647 136045.4544937239
648 136045.4522589855
649 136045.4500279382
650 136045.4477701793
651 136045.445605465
652 136045.4434534272
653 136045.4412214401
654 136045.439223785
655 136045.4373180571
656 136045.4354783471
657 136045.4336452158
658 136045.4318449248
659 136045.4300398344
660 136045.4283359851
661 136045.4266179293
662 136045.4248419446
663 136045.4230153342
664 136045.4210667989
665 136045.4190967334
666 136045.4170541231
667 136045.4150010626
668 136045.4128942826
669 136045.4107877675
670 136045.4086253963
671 136045.4064537137
672 136045.4042583309
673 136045.402106634
674 136045.4000043535
675 136045.3978301832
676 136045.3958947411
677 136045.3939763538
678 136045.3920590241
679 136045.3902133573
680 136045.3883985831
681 136045.3865316578
682 136045.3847041089
683 136045.3828678274
684 136045.3809425933
685 136045.3791090226
686 136045.3771593452
687 136045.3752090671
688 136045.3731902025
689 136045.3710712394
690 136045.3689389455
691 136045.3667588879
692 136045.364604924
693 136045.3624720296
694 136045.3603591048
695 136045.3582652961
696 136045.3561864764
697 136045.3541833137
698 136045.3522320906
699 136045.3503957255
700 136045.3485405307
701 136045.3467049538
702 136045.3448924871
703 136045.3430967792
704 136045.3413043974
705 136045.3394853991
706 136045.3376069505
707 136045.3357521287
708 136045.3338790653
709 136045.3320257263
710 136045.3300981638
711 136045.3280968321
712 136045.3261094945
713 136045.3241308809
714 136045.3221325009
715 136045.3201483875
716 136045.3181651155
717 136045.3161618278
718 136045.3142097639
719 136045.3122394922
720 136045.3102655647
721 136045.3083099557
722 136045.3063453653
723 136045.304414069
724 136045.3024521297
725 136045.3004836878
726 136045.2985486526
727 136045.2965525514
728 136045.2945412109
729 136045.2925313377
730 136045.2905024738
731 136045.2884813406
732 136045.2864037825
733 136045.2843899424
734 136045.28237615
735 136045.2803682429
736 136045.2783690604
737 136045.2763820377
738 136045.274453227
739 136045.272541596
740 136045.2706372886
741 136045.2687468759
742 136045.2668644796
743 136045.2650119099
744 136045.2631697181
745 136045.2613315588
746 136045.2594975088
747 136045.2576702735
748 136045.2558467086
749 136045.2539398891
750 136045.2520867807
751 136045.2502544448
752 136045.2483850089
753 136045.2465431538
754 136045.2446444264
755 136045.2427290974
756 136045.2407304568
757 136045.2387917872
758 136045.2368260112
759 136045.2348599834
760 136045.2328932476
761 136045.2309632115
762 136045.2290278923
763 136045.2271196123
764 136045.2251974634
765 136045.22327682
766 136045.2213854931
767 136045.2195093108
768 136045.2176349831
769 136045.2157571294
770 136045.2138772621
771 136045.2119993139
772 136045.2101174318
773 136045.2082296328
774 136045.2063216477
775 136045.2044317754
776 136045.202530851
777 136045.200622946
778 136045.1987322209
779 136045.1968250826
780 136045.1949220484
781 136045.1930461226
782 136045.191124297
783 136045.1892795271
784 136045.1874598075
785 136045.1856641352
786 136045.1838713082
787 136045.1820665518
788 136045.180260471
789 136045.1784405139
790 136045.1766114737
791 136045.1747714858
792 136045.1729174858
793 136045.1710423581
794 136045.1691743793
795 136045.1672745942
796 136045.165367275
797 136045.1634535416
798 136045.1615378013
799 136045.1596314726
800 136045.1577266324
801 136045.1558208984
802 136045.1539241524
803 136045.152098194
804 136045.1501958233
805 136045.1482972038
806 136045.146418433
807 136045.1445364578
808 136045.1426557949
809 136045.140764282
810 136045.1388842115
811 136045.1370138547
812 136045.1351840571
813 136045.1333447219
814 136045.1315250001
815 136045.129776106
816 136045.128013198
817 136045.1262869699
818 136045.1245548022
819 136045.1228294433
820 136045.1211070431
821 136045.1193535389
822 136045.1175860896
823 136045.1158258706
824 136045.1140437215
825 136045.1121882579
826 136045.1103447101
827 136045.1084848395
828 136045.1066204766
829 136045.1047316206
830 136045.1028057093
831 136045.1008941245
832 136045.0989596349
833 136045.0970380158
834 136045.0951324016
835 136045.0932471592
836 136045.0913802415
837 136045.0894736247
838 136045.0876436197
839 136045.0858229395
840 136045.0840497529
841 136045.0822647439
842 136045.0804931548
843 136045.0787246554
844 136045.0769745767
845 136045.0752126405
846 136045.0734437871
847 136045.0716530124
848 136045.0698401572
849 136045.0680127142
850 136045.0661735164
851 136045.0643412053
852 136045.0624856616
853 136045.0606199874
854 136045.0587586623
855 136045.0568956146
856 136045.0550454506
857 136045.0532561307
858 136045.0514900953
859 136045.0497349862
860 136045.0480229486
861 136045.0462921207
862 136045.0445428422
863 136045.0427880331
864 136045.0410021723
865 136045.0391828833
866 136045.0373425919
867 136045.0354863008
868 136045.0336188177
869 136045.0317418173
870 136045.0298735984
871 136045.0279961996
872 136045.0260950202
873 136045.0241956287
874 136045.0223094922
875 136045.020451658
876 136045.018629574
877 136045.0168068845
878 136045.0149777385
879 136045.0131492913
880 136045.0113283615
881 136045.0095407886
882 136045.0077139078
883 136045.0058784412
884 136045.0040406385
885 136045.0022035869
886 136045.000366965
887 136044.9985454739
888 136044.9967213218
889 136044.9949060635
890 136044.9930870433
891 136044.9912928153
892 136044.9895115439
893 136044.9877611818
894 136044.9860235107
895 136044.9842867074
896 136044.9825549226
897 136044.9808002584
898 136044.9790539712
899 136044.9773195812
900 136044.9755828672
901 136044.973839953
902 136044.9720926101
903 136044.9703386267
904 136044.9685795086
905 136044.9668158664
906 136044.9650584867
907 136044.9633060103
908 136044.9615405453
909 136044.9597838427
910 136044.9580136671
911 136044.9562294921
912 136044.9544191052
913 136044.952611321
914 136044.9507827692
915 136044.9489450642
916 136044.9470733202
917 136044.9451905825
918 136044.9432932699
919 136044.9413921529
920 136044.9394888132
921 136044.9376033811
922 136044.9356943704
923 136044.9337853291
924 136044.9319063637
925 136044.9300547403
926 136044.9282319669
927 136044.9264418668
928 136044.9246916318
929 136044.9229309198
930 136044.9212113181
931 136044.9195163317
932 136044.917837802
933 136044.9161621306
934 136044.9144951018
935 136044.9128297238
936 136044.9111886894
937 136044.9095355194
938 136044.907884537
939 136044.906253464
940 136044.9046108373
941 136044.902961717
942 136044.9012980915
943 136044.8996304049
944 136044.8979903351
945 136044.8963608182
946 136044.8947060234
947 136044.8930714137
948 136044.8914296598
949 136044.8897666413
950 136044.8880925281
951 136044.8863804656
952 136044.8846500198
953 136044.8828961356
954 136044.8811020429
955 136044.879286385
956 136044.8774622058
957 136044.8756255169
958 136044.8737852859
959 136044.871983667
960 136044.8702052852
961 136044.8684303845
962 136044.8666653446
963 136044.8649391429
964 136044.8632661111
965 136044.8616606703
966 136044.8601264727
967 136044.8586912967
968 136044.8573559602
969 136044.8560695564
970 136044.8547170683
971 136044.8532155675
972 136044.8514708969
973 136044.8494359136
974 136044.8470900767
975 136044.844446542
976 136044.8415948633
977 136044.8385278604
978 136044.8353521139
979 136044.8322317085
980 136044.829360602
981 136044.8269305557
982 136044.8249790415
983 136044.8235523701
984 136044.8226855043
985 136044.8224290168
986 136044.8228510428
987 136044.8239018045
988 136044.8255264419
989 136044.8274419871
990 136044.8294432128
991 136044.8311240519
992 136044.8323694103
993 136044.8329845618
994 136044.8324742719
995 136044.8307849058
996 136044.8279433684
997 136044.8236844133
998 136044.8182907772
999 136044.8118373317
1000 136044.8045762432
1001 136044.796578577
1002 136044.7879304119
1003 136044.7789921337
1004 136044.7699136529
1005 136044.7610506958
1006 136044.7527744259
1007 136044.7455803358
1008 136044.739664236
1009 136044.7354090837
1010 136044.7326678009
1011 136044.7313271394
1012 136044.7314340915
1013 136044.7327827132
1014 136044.7352702839
1015 136044.7384796589
1016 136044.7416712374
1017 136044.744286517
1018 136044.7461878352
1019 136044.7468064935
1020 136044.7455976323
1021 136044.742374444
1022 136044.7369925567
1023 136044.7293169376
1024 136044.7201539812
1025 136044.709925469
1026 136044.6993979478
1027 136044.6893027264
1028 136044.6801978515
1029 136044.6727521449
1030 136044.6674754962
1031 136044.6646420957
1032 136044.6643467282
1033 136044.6663947004
1034 136044.6704444416
1035 136044.6760017292
1036 136044.6827015807
1037 136044.6902130732
1038 136044.6979636539
1039 136044.7054107099
1040 136044.7120174051
1041 136044.7172869853
1042 136044.7208341369
1043 136044.7224217456
1044 136044.7219377657
1045 136044.7194044925
1046 136044.7150777823
1047 136044.7093002512
1048 136044.7025334092
1049 136044.6952758692
1050 136044.68807835
1051 136044.6814390596
1052 136044.6757596697
1053 136044.6714111672
1054 136044.6687287876
1055 136044.6678114515
1056 136044.6684008335
1057 136044.6704671069
1058 136044.6737194266
1059 136044.6778686434
1060 136044.6824947253
1061 136044.6871600232
1062 136044.6914474837
1063 136044.6949411287
1064 136044.6973276509
1065 136044.6983908651
1066 136044.6980284009
1067 136044.6960384675
1068 136044.6929210862
1069 136044.6886616292
1070 136044.6835137099
1071 136044.6777003518
1072 136044.6716210299
1073 136044.6654893935
1074 136044.6598913022
1075 136044.654800812
1076 136044.6506201139
1077 136044.6475148674
1078 136044.6455608183
1079 136044.6443439242
1080 136044.6440027046
1081 136044.6444156505
1082 136044.6453959448
1083 136044.6467867925
1084 136044.6480838814
1085 136044.6492560189
1086 136044.6501776843
1087 136044.6505581148
1088 136044.6502919616
1089 136044.6493902306
1090 136044.6478354601
1091 136044.6456877679
1092 136044.6433482375
1093 136044.6410122743
1094 136044.6386458829
1095 136044.6365533413
1096 136044.6347921668
1097 136044.6334324982
1098 136044.6324791029
1099 136044.6318832938
1100 136044.6315690859
